{"level":30,"time":1771627126767,"pid":5764,"hostname":"DESKTOP-FKJ7UGT","msg":"started HTTP server on localhost:3000"}
{"level":30,"time":1771627169254,"pid":14680,"hostname":"DESKTOP-FKJ7UGT","msg":"started HTTP server on localhost:3000"}
{"level":30,"time":1771627298900,"pid":13708,"hostname":"DESKTOP-FKJ7UGT","msg":"started HTTP server on localhost:3000"}
{"level":30,"time":1771627308455,"pid":13708,"hostname":"DESKTOP-FKJ7UGT","request_id":"b4j6g5upkz92z4gizlizhds8","msg":"GET: /docs"}
{"level":30,"time":1771627308569,"pid":13708,"hostname":"DESKTOP-FKJ7UGT","request_id":"ejeifbicbgiw4cbz4t5cfzw9","msg":"GET: /swagger"}
{"level":30,"time":1771886636736,"pid":23268,"hostname":"DESKTOP-FKJ7UGT","msg":"started HTTP server on localhost:3000"}
{"level":30,"time":1771886640490,"pid":23268,"hostname":"DESKTOP-FKJ7UGT","request_id":"kiajyg3bwjh2b3i8jkrabbp4","msg":"GET: /"}
{"level":30,"time":1771886662464,"pid":23268,"hostname":"DESKTOP-FKJ7UGT","request_id":"fq6oiubox5it9spcg96t952v","msg":"GET: /docs"}
{"level":30,"time":1771886662644,"pid":23268,"hostname":"DESKTOP-FKJ7UGT","request_id":"baohoioyys7upcddjksytwd7","msg":"GET: /swagger"}
{"level":30,"time":1771886767879,"pid":9252,"hostname":"DESKTOP-FKJ7UGT","msg":"started HTTP server on localhost:3000"}
{"level":30,"time":1771886799963,"pid":10616,"hostname":"DESKTOP-FKJ7UGT","msg":"started HTTP server on localhost:3000"}
{"level":30,"time":1771886846265,"pid":26636,"hostname":"DESKTOP-FKJ7UGT","msg":"started HTTP server on localhost:3000"}
{"level":30,"time":1771886855868,"pid":27848,"hostname":"DESKTOP-FKJ7UGT","msg":"started HTTP server on localhost:3000"}
{"level":30,"time":1771886863849,"pid":15224,"hostname":"DESKTOP-FKJ7UGT","msg":"started HTTP server on localhost:3000"}
{"level":30,"time":1771886880596,"pid":11916,"hostname":"DESKTOP-FKJ7UGT","msg":"started HTTP server on localhost:3000"}
{"level":30,"time":1771886887085,"pid":23304,"hostname":"DESKTOP-FKJ7UGT","msg":"started HTTP server on localhost:3000"}
{"level":30,"time":1771886899510,"pid":572,"hostname":"DESKTOP-FKJ7UGT","msg":"started HTTP server on localhost:3000"}
{"level":30,"time":1771886905440,"pid":13940,"hostname":"DESKTOP-FKJ7UGT","msg":"started HTTP server on localhost:3000"}
{"level":30,"time":1771886911167,"pid":20276,"hostname":"DESKTOP-FKJ7UGT","msg":"started HTTP server on localhost:3000"}
{"level":30,"time":1771886921205,"pid":26392,"hostname":"DESKTOP-FKJ7UGT","msg":"started HTTP server on localhost:3000"}
{"level":30,"time":1771886933156,"pid":13840,"hostname":"DESKTOP-FKJ7UGT","msg":"started HTTP server on localhost:3000"}
{"level":30,"time":1771886951332,"pid":24268,"hostname":"DESKTOP-FKJ7UGT","msg":"started HTTP server on localhost:3000"}
{"level":30,"time":1771886969367,"pid":21072,"hostname":"DESKTOP-FKJ7UGT","msg":"started HTTP server on localhost:3000"}
{"level":30,"time":1771886974868,"pid":2440,"hostname":"DESKTOP-FKJ7UGT","msg":"started HTTP server on localhost:3000"}
{"level":30,"time":1771886982958,"pid":15288,"hostname":"DESKTOP-FKJ7UGT","msg":"started HTTP server on localhost:3000"}
{"level":30,"time":1771886986668,"pid":27076,"hostname":"DESKTOP-FKJ7UGT","msg":"started HTTP server on localhost:3000"}
{"level":30,"time":1771886995385,"pid":20788,"hostname":"DESKTOP-FKJ7UGT","msg":"started HTTP server on localhost:3000"}
{"level":30,"time":1771887008561,"pid":26296,"hostname":"DESKTOP-FKJ7UGT","msg":"started HTTP server on localhost:3000"}
{"level":30,"time":1771887027158,"pid":26060,"hostname":"DESKTOP-FKJ7UGT","msg":"started HTTP server on localhost:3000"}
{"level":30,"time":1771887034924,"pid":23292,"hostname":"DESKTOP-FKJ7UGT","msg":"started HTTP server on localhost:3000"}
{"level":30,"time":1771887042792,"pid":20128,"hostname":"DESKTOP-FKJ7UGT","msg":"started HTTP server on localhost:3000"}
{"level":30,"time":1771887046678,"pid":23508,"hostname":"DESKTOP-FKJ7UGT","msg":"started HTTP server on localhost:3000"}
{"level":30,"time":1771887068421,"pid":4684,"hostname":"DESKTOP-FKJ7UGT","msg":"started HTTP server on localhost:3000"}
{"level":30,"time":1771887077117,"pid":8680,"hostname":"DESKTOP-FKJ7UGT","msg":"started HTTP server on localhost:3000"}
{"level":30,"time":1771887085359,"pid":6556,"hostname":"DESKTOP-FKJ7UGT","msg":"started HTTP server on localhost:3000"}
{"level":30,"time":1771887097637,"pid":9312,"hostname":"DESKTOP-FKJ7UGT","msg":"started HTTP server on localhost:3000"}
{"level":30,"time":1771887107377,"pid":28636,"hostname":"DESKTOP-FKJ7UGT","msg":"started HTTP server on localhost:3000"}
{"level":30,"time":1771887112392,"pid":17780,"hostname":"DESKTOP-FKJ7UGT","msg":"started HTTP server on localhost:3000"}
{"level":30,"time":1771887136530,"pid":7408,"hostname":"DESKTOP-FKJ7UGT","msg":"started HTTP server on localhost:3000"}
{"level":30,"time":1771887154059,"pid":18920,"hostname":"DESKTOP-FKJ7UGT","msg":"started HTTP server on localhost:3000"}
{"level":30,"time":1771887161098,"pid":27824,"hostname":"DESKTOP-FKJ7UGT","msg":"started HTTP server on localhost:3000"}
{"level":30,"time":1771887172659,"pid":11892,"hostname":"DESKTOP-FKJ7UGT","msg":"started HTTP server on localhost:3000"}
{"level":30,"time":1771887192938,"pid":19972,"hostname":"DESKTOP-FKJ7UGT","msg":"started HTTP server on localhost:3000"}
{"level":30,"time":1771887200847,"pid":20308,"hostname":"DESKTOP-FKJ7UGT","msg":"started HTTP server on localhost:3000"}
{"level":30,"time":1771887271180,"pid":3908,"hostname":"DESKTOP-FKJ7UGT","msg":"started HTTP server on localhost:3000"}
{"level":30,"time":1771887291391,"pid":22228,"hostname":"DESKTOP-FKJ7UGT","msg":"started HTTP server on localhost:3000"}
{"level":30,"time":1771887300718,"pid":9236,"hostname":"DESKTOP-FKJ7UGT","msg":"started HTTP server on localhost:3000"}
{"level":30,"time":1771887308407,"pid":25432,"hostname":"DESKTOP-FKJ7UGT","msg":"started HTTP server on localhost:3000"}
{"level":30,"time":1771887313698,"pid":28472,"hostname":"DESKTOP-FKJ7UGT","msg":"started HTTP server on localhost:3000"}
{"level":30,"time":1771887328886,"pid":25420,"hostname":"DESKTOP-FKJ7UGT","msg":"started HTTP server on localhost:3000"}
{"level":30,"time":1771887333831,"pid":10120,"hostname":"DESKTOP-FKJ7UGT","msg":"started HTTP server on localhost:3000"}
{"level":30,"time":1771887339674,"pid":18716,"hostname":"DESKTOP-FKJ7UGT","msg":"started HTTP server on localhost:3000"}
{"level":30,"time":1771887353723,"pid":25152,"hostname":"DESKTOP-FKJ7UGT","msg":"started HTTP server on localhost:3000"}
{"level":30,"time":1771887357543,"pid":24464,"hostname":"DESKTOP-FKJ7UGT","msg":"started HTTP server on localhost:3000"}
{"level":30,"time":1771887363904,"pid":2868,"hostname":"DESKTOP-FKJ7UGT","msg":"started HTTP server on localhost:3000"}
{"level":30,"time":1771887385294,"pid":2868,"hostname":"DESKTOP-FKJ7UGT","request_id":"h6nlypd99qpmv2owo2g3gbln","msg":"POST: /posts"}
{"level":30,"time":1771887443663,"pid":2868,"hostname":"DESKTOP-FKJ7UGT","request_id":"p7de8xrpzfvbk3oliwg25x3q","msg":"GET: /posts"}
{"level":50,"time":1771887443995,"pid":2868,"hostname":"DESKTOP-FKJ7UGT","request_id":"p7de8xrpzfvbk3oliwg25x3q","err":{"type":"","message":"Relation \"Post.comments\" expects \"postId\" to exist on \"Comment\" model, but is missing. Did you forget to define the column?","stack":"Exception: Relation \"Post.comments\" expects \"postId\" to exist on \"Comment\" model, but is missing. Did you forget to define the column?\n    at file:///C:/Users/LOUIS%20KIND/code/learn-adonisjs/12-months-plan/node_modules/@adonisjs/lucid/build/src/orm/relations/keys_extractor.js:32:23\n    at Array.reduce (<anonymous>)\n    at KeysExtractor.extract (file:///C:/Users/LOUIS%20KIND/code/learn-adonisjs/12-months-plan/node_modules/@adonisjs/lucid/build/src/orm/relations/keys_extractor.js:28:39)\n    at HasMany.boot (file:///C:/Users/LOUIS%20KIND/code/learn-adonisjs/12-months-plan/node_modules/@adonisjs/lucid/build/src/orm/relations/has_many/index.js:86:12)\n    at Preloader.load (file:///C:/Users/LOUIS%20KIND/code/learn-adonisjs/12-months-plan/node_modules/@adonisjs/lucid/build/src/orm/preloader/index.js:84:18)\n    at ModelQueryBuilder.preload (file:///C:/Users/LOUIS%20KIND/code/learn-adonisjs/12-months-plan/node_modules/@adonisjs/lucid/build/src/orm/query_builder/index.js:517:24)\n    at PostsController.index (C:\\Users\\LOUIS KIND\\code\\learn-adonisjs\\12-months-plan\\app\\controllers\\posts_controller.ts:10:38)\n    at ContainerResolver.call (file:///C:/Users/LOUIS%20KIND/code/learn-adonisjs/12-months-plan/node_modules/@adonisjs/fold/build/chunk-NNIB6TMY.js:410:25)","name":"Exception","status":500,"code":"E_MISSING_MODEL_ATTRIBUTE"},"x-request-id":"p7de8xrpzfvbk3oliwg25x3q","msg":"Relation \"Post.comments\" expects \"postId\" to exist on \"Comment\" model, but is missing. Did you forget to define the column?"}
{"level":30,"time":1771887729391,"pid":21576,"hostname":"DESKTOP-FKJ7UGT","msg":"started HTTP server on localhost:3000"}
{"level":30,"time":1771887744686,"pid":8308,"hostname":"DESKTOP-FKJ7UGT","msg":"started HTTP server on localhost:3000"}
{"level":30,"time":1771887749084,"pid":19068,"hostname":"DESKTOP-FKJ7UGT","msg":"started HTTP server on localhost:3000"}
{"level":30,"time":1771887754466,"pid":26904,"hostname":"DESKTOP-FKJ7UGT","msg":"started HTTP server on localhost:3000"}
{"level":30,"time":1771887769374,"pid":23592,"hostname":"DESKTOP-FKJ7UGT","msg":"started HTTP server on localhost:3000"}
{"level":30,"time":1771887785076,"pid":27316,"hostname":"DESKTOP-FKJ7UGT","msg":"started HTTP server on localhost:3000"}
{"level":30,"time":1771887837352,"pid":27316,"hostname":"DESKTOP-FKJ7UGT","request_id":"thx1qwyrfr2x893e3ofv7c2i","msg":"GET: /posts"}
{"level":50,"time":1771887837572,"pid":27316,"hostname":"DESKTOP-FKJ7UGT","request_id":"thx1qwyrfr2x893e3ofv7c2i","err":{"type":"","message":"Relation \"Post.comments\" expects \"postId\" to exist on \"Comment\" model, but is missing. Did you forget to define the column?","stack":"Exception: Relation \"Post.comments\" expects \"postId\" to exist on \"Comment\" model, but is missing. Did you forget to define the column?\n    at file:///C:/Users/LOUIS%20KIND/code/learn-adonisjs/12-months-plan/node_modules/@adonisjs/lucid/build/src/orm/relations/keys_extractor.js:32:23\n    at Array.reduce (<anonymous>)\n    at KeysExtractor.extract (file:///C:/Users/LOUIS%20KIND/code/learn-adonisjs/12-months-plan/node_modules/@adonisjs/lucid/build/src/orm/relations/keys_extractor.js:28:39)\n    at HasMany.boot (file:///C:/Users/LOUIS%20KIND/code/learn-adonisjs/12-months-plan/node_modules/@adonisjs/lucid/build/src/orm/relations/has_many/index.js:86:12)\n    at Preloader.load (file:///C:/Users/LOUIS%20KIND/code/learn-adonisjs/12-months-plan/node_modules/@adonisjs/lucid/build/src/orm/preloader/index.js:84:18)\n    at ModelQueryBuilder.preload (file:///C:/Users/LOUIS%20KIND/code/learn-adonisjs/12-months-plan/node_modules/@adonisjs/lucid/build/src/orm/query_builder/index.js:517:24)\n    at PostsController.index (C:\\Users\\LOUIS KIND\\code\\learn-adonisjs\\12-months-plan\\app\\controllers\\posts_controller.ts:10:38)\n    at ContainerResolver.call (file:///C:/Users/LOUIS%20KIND/code/learn-adonisjs/12-months-plan/node_modules/@adonisjs/fold/build/chunk-NNIB6TMY.js:410:25)","name":"Exception","status":500,"code":"E_MISSING_MODEL_ATTRIBUTE"},"x-request-id":"thx1qwyrfr2x893e3ofv7c2i","msg":"Relation \"Post.comments\" expects \"postId\" to exist on \"Comment\" model, but is missing. Did you forget to define the column?"}
{"level":30,"time":1771887858249,"pid":20884,"hostname":"DESKTOP-FKJ7UGT","msg":"started HTTP server on localhost:3000"}
{"level":30,"time":1771887870728,"pid":6504,"hostname":"DESKTOP-FKJ7UGT","msg":"started HTTP server on localhost:3000"}
{"level":30,"time":1771887889535,"pid":23452,"hostname":"DESKTOP-FKJ7UGT","msg":"started HTTP server on localhost:3000"}
{"level":30,"time":1771888056373,"pid":7632,"hostname":"DESKTOP-FKJ7UGT","msg":"started HTTP server on localhost:3000"}
{"level":30,"time":1771888057320,"pid":7632,"hostname":"DESKTOP-FKJ7UGT","request_id":"mts7atkzoui74391huve4nv2","msg":"GET: /posts"}
{"level":50,"time":1771888057816,"pid":7632,"hostname":"DESKTOP-FKJ7UGT","request_id":"mts7atkzoui74391huve4nv2","err":{"type":"DatabaseError","message":"select * from \"posts\" - relation \"posts\" does not exist","stack":"error: select * from \"posts\" - relation \"posts\" does not exist\n    at parseErrorMessage (C:\\Users\\LOUIS KIND\\code\\learn-adonisjs\\12-months-plan\\node_modules\\pg-protocol\\src\\parser.ts:394:9)\n    at Parser.handlePacket (C:\\Users\\LOUIS KIND\\code\\learn-adonisjs\\12-months-plan\\node_modules\\pg-protocol\\src\\parser.ts:212:19)\n    at Parser.parse (C:\\Users\\LOUIS KIND\\code\\learn-adonisjs\\12-months-plan\\node_modules\\pg-protocol\\src\\parser.ts:105:30)\n    at Socket.<anonymous> (C:\\Users\\LOUIS KIND\\code\\learn-adonisjs\\12-months-plan\\node_modules\\pg-protocol\\src\\index.ts:7:48)\n    at Socket.emit (node:events:519:28)\n    at addChunk (node:internal/streams/readable:559:12)\n    at readableAddChunkPushByteMode (node:internal/streams/readable:510:3)\n    at Readable.push (node:internal/streams/readable:390:5)\n    at TCP.onStreamRead (node:internal/stream_base_commons:191:23)","length":104,"name":"error","severity":"ERROR","code":"42P01","position":"15","file":"parse_relation.c","line":"1469","routine":"parserOpenTable","status":500},"x-request-id":"mts7atkzoui74391huve4nv2","msg":"select * from \"posts\" - relation \"posts\" does not exist"}
{"level":30,"time":1771888086466,"pid":22220,"hostname":"DESKTOP-FKJ7UGT","msg":"started HTTP server on localhost:3000"}
{"level":30,"time":1771888107126,"pid":22220,"hostname":"DESKTOP-FKJ7UGT","request_id":"i7lth8tpiz5jk1klstcxokl7","msg":"GET: /posts"}
{"level":30,"time":1771888183975,"pid":2732,"hostname":"DESKTOP-FKJ7UGT","msg":"started HTTP server on localhost:3000"}
{"level":30,"time":1771960014136,"pid":26144,"hostname":"DESKTOP-FKJ7UGT","msg":"started HTTP server on localhost:3000"}
{"level":30,"time":1771960035392,"pid":26144,"hostname":"DESKTOP-FKJ7UGT","request_id":"tcz8fy1m9p498wmalwpafp5i","msg":"GET: /"}
{"level":30,"time":1771960043872,"pid":26144,"hostname":"DESKTOP-FKJ7UGT","request_id":"r3f0fmnd3z4jwfrm54fzxv7h","msg":"GET: /docs"}
{"level":30,"time":1771960044113,"pid":26144,"hostname":"DESKTOP-FKJ7UGT","request_id":"e86bj005mhrnr55vwway7ub2","msg":"GET: /swagger"}
{"level":30,"time":1771960059435,"pid":26144,"hostname":"DESKTOP-FKJ7UGT","request_id":"fk8iqz10mpqyv99v1g8wl8m4","msg":"GET: /posts"}
{"level":30,"time":1771960070470,"pid":26144,"hostname":"DESKTOP-FKJ7UGT","request_id":"bvj78c1ztuu0x0wjuuaa98qr","msg":"POST: /posts"}
{"level":50,"time":1771960070536,"pid":26144,"hostname":"DESKTOP-FKJ7UGT","request_id":"bvj78c1ztuu0x0wjuuaa98qr","err":{"type":"DatabaseError","message":"insert into \"posts\" (\"created_at\", \"title\", \"updated_at\") values ($1, $2, $3) returning \"id\" - column \"title\" of relation \"posts\" does not exist","stack":"error: insert into \"posts\" (\"created_at\", \"title\", \"updated_at\") values ($1, $2, $3) returning \"id\" - column \"title\" of relation \"posts\" does not exist\n    at parseErrorMessage (C:\\Users\\LOUIS KIND\\code\\learn-adonisjs\\12-months-plan\\node_modules\\pg-protocol\\src\\parser.ts:394:9)\n    at Parser.handlePacket (C:\\Users\\LOUIS KIND\\code\\learn-adonisjs\\12-months-plan\\node_modules\\pg-protocol\\src\\parser.ts:212:19)\n    at Parser.parse (C:\\Users\\LOUIS KIND\\code\\learn-adonisjs\\12-months-plan\\node_modules\\pg-protocol\\src\\parser.ts:105:30)\n    at Socket.<anonymous> (C:\\Users\\LOUIS KIND\\code\\learn-adonisjs\\12-months-plan\\node_modules\\pg-protocol\\src\\index.ts:7:48)\n    at Socket.emit (node:events:519:28)\n    at addChunk (node:internal/streams/readable:559:12)\n    at readableAddChunkPushByteMode (node:internal/streams/readable:510:3)\n    at Readable.push (node:internal/streams/readable:390:5)\n    at TCP.onStreamRead (node:internal/stream_base_commons:191:23)","length":123,"name":"error","severity":"ERROR","code":"42703","position":"36","file":"parse_target.c","line":"1073","routine":"checkInsertTargets","status":500},"x-request-id":"bvj78c1ztuu0x0wjuuaa98qr","msg":"insert into \"posts\" (\"created_at\", \"title\", \"updated_at\") values ($1, $2, $3) returning \"id\" - column \"title\" of relation \"posts\" does not exist"}
{"level":30,"time":1771960073032,"pid":26144,"hostname":"DESKTOP-FKJ7UGT","request_id":"u4ncg201lkfdjtzd6g0xznwr","msg":"POST: /posts"}
{"level":50,"time":1771960073035,"pid":26144,"hostname":"DESKTOP-FKJ7UGT","request_id":"u4ncg201lkfdjtzd6g0xznwr","err":{"type":"DatabaseError","message":"insert into \"posts\" (\"created_at\", \"title\", \"updated_at\") values ($1, $2, $3) returning \"id\" - column \"title\" of relation \"posts\" does not exist","stack":"error: insert into \"posts\" (\"created_at\", \"title\", \"updated_at\") values ($1, $2, $3) returning \"id\" - column \"title\" of relation \"posts\" does not exist\n    at parseErrorMessage (C:\\Users\\LOUIS KIND\\code\\learn-adonisjs\\12-months-plan\\node_modules\\pg-protocol\\src\\parser.ts:394:9)\n    at Parser.handlePacket (C:\\Users\\LOUIS KIND\\code\\learn-adonisjs\\12-months-plan\\node_modules\\pg-protocol\\src\\parser.ts:212:19)\n    at Parser.parse (C:\\Users\\LOUIS KIND\\code\\learn-adonisjs\\12-months-plan\\node_modules\\pg-protocol\\src\\parser.ts:105:30)\n    at Socket.<anonymous> (C:\\Users\\LOUIS KIND\\code\\learn-adonisjs\\12-months-plan\\node_modules\\pg-protocol\\src\\index.ts:7:48)\n    at Socket.emit (node:events:519:28)\n    at addChunk (node:internal/streams/readable:559:12)\n    at readableAddChunkPushByteMode (node:internal/streams/readable:510:3)\n    at Readable.push (node:internal/streams/readable:390:5)\n    at TCP.onStreamRead (node:internal/stream_base_commons:191:23)","length":123,"name":"error","severity":"ERROR","code":"42703","position":"36","file":"parse_target.c","line":"1073","routine":"checkInsertTargets","status":500},"x-request-id":"u4ncg201lkfdjtzd6g0xznwr","msg":"insert into \"posts\" (\"created_at\", \"title\", \"updated_at\") values ($1, $2, $3) returning \"id\" - column \"title\" of relation \"posts\" does not exist"}
{"level":30,"time":1771960118599,"pid":21524,"hostname":"DESKTOP-FKJ7UGT","msg":"started HTTP server on localhost:3000"}
{"level":30,"time":1771960123676,"pid":21524,"hostname":"DESKTOP-FKJ7UGT","request_id":"papklzc20gtjlv0kg4degpu1","msg":"POST: /posts"}
{"level":30,"time":1771960137111,"pid":21524,"hostname":"DESKTOP-FKJ7UGT","request_id":"it0kv1ouzae3ghmm9tdnf6jm","msg":"GET: /posts"}
{"level":30,"time":1771960214706,"pid":13808,"hostname":"DESKTOP-FKJ7UGT","msg":"started HTTP server on localhost:3000"}
{"level":30,"time":1771960253991,"pid":23100,"hostname":"DESKTOP-FKJ7UGT","msg":"started HTTP server on localhost:3000"}
{"level":30,"time":1771960254242,"pid":23100,"hostname":"DESKTOP-FKJ7UGT","request_id":"zv39jirqs4xhzacm6uufxrjj","msg":"GET: /docs"}
{"level":30,"time":1771960254389,"pid":23100,"hostname":"DESKTOP-FKJ7UGT","request_id":"p4x25sm804yx9t5x0n1gjcwh","msg":"GET: /swagger"}
{"level":30,"time":1771960285731,"pid":12868,"hostname":"DESKTOP-FKJ7UGT","msg":"started HTTP server on localhost:3000"}
{"level":30,"time":1771960290145,"pid":12868,"hostname":"DESKTOP-FKJ7UGT","request_id":"rpii77u4ylu9icqt6ytog40k","msg":"GET: /docs"}
{"level":30,"time":1771960290252,"pid":12868,"hostname":"DESKTOP-FKJ7UGT","request_id":"gzzs87icacdp7b5eqbxrlgvm","msg":"GET: /swagger"}
{"level":30,"time":1771960325786,"pid":23312,"hostname":"DESKTOP-FKJ7UGT","msg":"started HTTP server on localhost:3000"}
{"level":30,"time":1771960334918,"pid":18692,"hostname":"DESKTOP-FKJ7UGT","msg":"started HTTP server on localhost:3000"}
{"level":30,"time":1771960335193,"pid":18692,"hostname":"DESKTOP-FKJ7UGT","request_id":"xy5lmdlf8w0k631zh6pbp9nb","msg":"GET: /docs"}
{"level":30,"time":1771960335328,"pid":18692,"hostname":"DESKTOP-FKJ7UGT","request_id":"yu4vc4jab3azu5q5pmz7g16h","msg":"GET: /swagger"}
{"level":30,"time":1771960356401,"pid":9308,"hostname":"DESKTOP-FKJ7UGT","msg":"started HTTP server on localhost:3000"}
{"level":30,"time":1771960377238,"pid":1608,"hostname":"DESKTOP-FKJ7UGT","msg":"started HTTP server on localhost:3000"}
{"level":30,"time":1771960379151,"pid":1608,"hostname":"DESKTOP-FKJ7UGT","request_id":"algjwm9je3pxmdt7nfee5zkj","msg":"GET: /docs"}
{"level":30,"time":1771960379285,"pid":1608,"hostname":"DESKTOP-FKJ7UGT","request_id":"osasyvfy3mfvm86ajmmdgby2","msg":"GET: /swagger"}
{"level":30,"time":1771960435375,"pid":27676,"hostname":"DESKTOP-FKJ7UGT","msg":"started HTTP server on localhost:3000"}
{"level":30,"time":1771960440551,"pid":27676,"hostname":"DESKTOP-FKJ7UGT","request_id":"pn9d1rhj7bvzh0qhh5pxyp26","msg":"GET: /docs"}
{"level":30,"time":1771960440663,"pid":27676,"hostname":"DESKTOP-FKJ7UGT","request_id":"k6m4o7fet7yeoiuaepvupcm2","msg":"GET: /swagger"}
{"level":30,"time":1771960467382,"pid":12576,"hostname":"DESKTOP-FKJ7UGT","msg":"started HTTP server on localhost:3000"}
{"level":30,"time":1771960467650,"pid":12576,"hostname":"DESKTOP-FKJ7UGT","request_id":"w4h5yc2eg6m47tc3csfhkmno","msg":"GET: /docs"}
{"level":30,"time":1771960467768,"pid":12576,"hostname":"DESKTOP-FKJ7UGT","request_id":"kco69fxuveql9224cii2i0lt","msg":"GET: /swagger"}
{"level":30,"time":1771960490935,"pid":28220,"hostname":"DESKTOP-FKJ7UGT","msg":"started HTTP server on localhost:3000"}
{"level":30,"time":1771960492738,"pid":28220,"hostname":"DESKTOP-FKJ7UGT","request_id":"fhvakg5qi3smq2q3ituhu2zd","msg":"GET: /docs"}
{"level":30,"time":1771960492904,"pid":28220,"hostname":"DESKTOP-FKJ7UGT","request_id":"eesylpz8hhqszxp64ktsnves","msg":"GET: /swagger"}
{"level":30,"time":1771960505790,"pid":28220,"hostname":"DESKTOP-FKJ7UGT","request_id":"j8ct1ss8vnht9f38tjdbz64h","msg":"GET: /comments"}
{"level":30,"time":1771960528157,"pid":28220,"hostname":"DESKTOP-FKJ7UGT","request_id":"gxbbjrlk3im05chhbovjmh2v","msg":"GET: /posts"}
{"level":30,"time":1771960543425,"pid":28220,"hostname":"DESKTOP-FKJ7UGT","request_id":"zc8m3dzbbilzsvhqts3m4930","msg":"POST: /comments"}
{"level":30,"time":1771960555422,"pid":28220,"hostname":"DESKTOP-FKJ7UGT","request_id":"mu8vfgun9jlz6wxsjnuaiu90","msg":"POST: /comments"}
{"level":50,"time":1771960555444,"pid":28220,"hostname":"DESKTOP-FKJ7UGT","request_id":"mu8vfgun9jlz6wxsjnuaiu90","err":{"type":"DatabaseError","message":"insert into \"comments\" (\"content\", \"created_at\", \"updated_at\") values ($1, $2, $3) returning \"id\" - null value in column \"post_id\" of relation \"comments\" violates not-null constraint","stack":"error: insert into \"comments\" (\"content\", \"created_at\", \"updated_at\") values ($1, $2, $3) returning \"id\" - null value in column \"post_id\" of relation \"comments\" violates not-null constraint\n    at parseErrorMessage (C:\\Users\\LOUIS KIND\\code\\learn-adonisjs\\12-months-plan\\node_modules\\pg-protocol\\src\\parser.ts:394:9)\n    at Parser.handlePacket (C:\\Users\\LOUIS KIND\\code\\learn-adonisjs\\12-months-plan\\node_modules\\pg-protocol\\src\\parser.ts:212:19)\n    at Parser.parse (C:\\Users\\LOUIS KIND\\code\\learn-adonisjs\\12-months-plan\\node_modules\\pg-protocol\\src\\parser.ts:105:30)\n    at Socket.<anonymous> (C:\\Users\\LOUIS KIND\\code\\learn-adonisjs\\12-months-plan\\node_modules\\pg-protocol\\src\\index.ts:7:48)\n    at Socket.emit (node:events:519:28)\n    at addChunk (node:internal/streams/readable:559:12)\n    at readableAddChunkPushByteMode (node:internal/streams/readable:510:3)\n    at Readable.push (node:internal/streams/readable:390:5)\n    at TCP.onStreamRead (node:internal/stream_base_commons:191:23)","length":290,"name":"error","severity":"ERROR","code":"23502","detail":"Failing row contains (1, null, Comment content, 2026-02-24 20:15:55.424+01, 2026-02-24 20:15:55.424+01).","schema":"public","table":"comments","column":"post_id","file":"execMain.c","line":"2205","routine":"ReportNotNullViolationError","status":500},"x-request-id":"mu8vfgun9jlz6wxsjnuaiu90","msg":"insert into \"comments\" (\"content\", \"created_at\", \"updated_at\") values ($1, $2, $3) returning \"id\" - null value in column \"post_id\" of relation \"comments\" violates not-null constraint"}
{"level":30,"time":1771960632969,"pid":20848,"hostname":"DESKTOP-FKJ7UGT","msg":"started HTTP server on localhost:3000"}
{"level":30,"time":1771960658432,"pid":7404,"hostname":"DESKTOP-FKJ7UGT","msg":"started HTTP server on localhost:3000"}
{"level":30,"time":1771960662765,"pid":21664,"hostname":"DESKTOP-FKJ7UGT","msg":"started HTTP server on localhost:3000"}
{"level":30,"time":1771960669657,"pid":23080,"hostname":"DESKTOP-FKJ7UGT","msg":"started HTTP server on localhost:3000"}
{"level":30,"time":1771960677651,"pid":28016,"hostname":"DESKTOP-FKJ7UGT","msg":"started HTTP server on localhost:3000"}
{"level":30,"time":1771960688631,"pid":29820,"hostname":"DESKTOP-FKJ7UGT","msg":"started HTTP server on localhost:3000"}
{"level":30,"time":1771960716527,"pid":14264,"hostname":"DESKTOP-FKJ7UGT","msg":"started HTTP server on localhost:3000"}
{"level":30,"time":1771960716738,"pid":14264,"hostname":"DESKTOP-FKJ7UGT","request_id":"jk8wh4mqtqkswh5wd5vq5yrk","msg":"GET: /docs"}
{"level":30,"time":1771960716883,"pid":14264,"hostname":"DESKTOP-FKJ7UGT","request_id":"hj9l7blsujekwc66kahdh6dl","msg":"GET: /swagger"}
{"level":30,"time":1771960729502,"pid":14264,"hostname":"DESKTOP-FKJ7UGT","request_id":"h8l2vjrsspy4oebzcpg1gqld","msg":"POST: /comments"}
{"level":30,"time":1771960755426,"pid":14264,"hostname":"DESKTOP-FKJ7UGT","request_id":"gorj6a1k0xrvolvndfu5rgri","msg":"GET: /comments"}
{"level":30,"time":1771960785176,"pid":14264,"hostname":"DESKTOP-FKJ7UGT","request_id":"dkoyxijd6ukhrqub2l9smc96","msg":"GET: /posts"}
{"level":30,"time":1771960820838,"pid":30092,"hostname":"DESKTOP-FKJ7UGT","msg":"started HTTP server on localhost:3000"}
{"level":30,"time":1771960829814,"pid":25068,"hostname":"DESKTOP-FKJ7UGT","msg":"started HTTP server on localhost:3000"}
{"level":30,"time":1771960874567,"pid":12852,"hostname":"DESKTOP-FKJ7UGT","msg":"started HTTP server on localhost:3000"}
{"level":30,"time":1771960881967,"pid":19816,"hostname":"DESKTOP-FKJ7UGT","msg":"started HTTP server on localhost:3000"}
{"level":30,"time":1771961655580,"pid":19816,"hostname":"DESKTOP-FKJ7UGT","request_id":"rf2jnvugd6w4j4t5udxhrcav","msg":"GET: /users"}
{"level":30,"time":1772995891332,"pid":2008,"hostname":"DESKTOP-FKJ7UGT","msg":"started HTTP server on localhost:3000"}
{"level":30,"time":1773088802534,"pid":18740,"hostname":"DESKTOP-FKJ7UGT","msg":"started HTTP server on localhost:3000"}
{"level":30,"time":1773088805294,"pid":18740,"hostname":"DESKTOP-FKJ7UGT","request_id":"dhwovvo30939pnaoj7i3d0ka","msg":"GET: /"}
{"level":30,"time":1773088812687,"pid":18740,"hostname":"DESKTOP-FKJ7UGT","request_id":"qvktw9gx9mmo772zs5mxwytm","msg":"GET: /docs"}
{"level":30,"time":1773088812870,"pid":18740,"hostname":"DESKTOP-FKJ7UGT","request_id":"n70l1fd80cclvkb80eoeorh8","msg":"GET: /swagger"}
{"level":30,"time":1773088826321,"pid":18740,"hostname":"DESKTOP-FKJ7UGT","request_id":"a8ij65xrf1eetccwkqrkcg8y","msg":"POST: /api/user/register"}
{"level":50,"time":1773088826835,"pid":18740,"hostname":"DESKTOP-FKJ7UGT","request_id":"a8ij65xrf1eetccwkqrkcg8y","err":{"type":"DatabaseError","message":"select \"user-name\" from \"users\" where \"user-name\" = $1 limit $2 - column \"user-name\" does not exist","stack":"error: select \"user-name\" from \"users\" where \"user-name\" = $1 limit $2 - column \"user-name\" does not exist\n    at parseErrorMessage (C:\\Users\\LOUIS KIND\\code\\learn-adonisjs\\12-months-plan\\node_modules\\pg-protocol\\src\\parser.ts:394:9)\n    at Parser.handlePacket (C:\\Users\\LOUIS KIND\\code\\learn-adonisjs\\12-months-plan\\node_modules\\pg-protocol\\src\\parser.ts:212:19)\n    at Parser.parse (C:\\Users\\LOUIS KIND\\code\\learn-adonisjs\\12-months-plan\\node_modules\\pg-protocol\\src\\parser.ts:105:30)\n    at Socket.<anonymous> (C:\\Users\\LOUIS KIND\\code\\learn-adonisjs\\12-months-plan\\node_modules\\pg-protocol\\src\\index.ts:7:48)\n    at Socket.emit (node:events:519:28)\n    at addChunk (node:internal/streams/readable:559:12)\n    at readableAddChunkPushByteMode (node:internal/streams/readable:510:3)\n    at Readable.push (node:internal/streams/readable:390:5)\n    at TCP.onStreamRead (node:internal/stream_base_commons:191:23)","length":170,"name":"error","severity":"ERROR","code":"42703","hint":"Perhaps you meant to reference the column \"users.user_name\".","position":"8","file":"parse_relation.c","line":"3838","routine":"errorMissingColumn","status":500},"x-request-id":"a8ij65xrf1eetccwkqrkcg8y","msg":"select \"user-name\" from \"users\" where \"user-name\" = $1 limit $2 - column \"user-name\" does not exist"}
{"level":30,"time":1773088952567,"pid":9412,"hostname":"DESKTOP-FKJ7UGT","msg":"started HTTP server on localhost:3000"}
{"level":30,"time":1773088960937,"pid":9412,"hostname":"DESKTOP-FKJ7UGT","request_id":"fs27iqptw68evsue4qig9vwz","msg":"GET: /docs"}
{"level":30,"time":1773088961104,"pid":9412,"hostname":"DESKTOP-FKJ7UGT","request_id":"g8l4o5jt1hwnaixbzffsvylj","msg":"GET: /swagger"}
{"level":30,"time":1773088969544,"pid":9412,"hostname":"DESKTOP-FKJ7UGT","request_id":"s7j0qp9rnc2xkjo87158xtqd","msg":"POST: /api/user/register"}
{"level":30,"time":1773778432747,"pid":33168,"hostname":"DESKTOP-FKJ7UGT","msg":"started HTTP server on localhost:63432"}
{"level":30,"time":1773778537477,"pid":26332,"hostname":"DESKTOP-FKJ7UGT","msg":"started HTTP server on localhost:3000"}
{"level":30,"time":1773778540079,"pid":26332,"hostname":"DESKTOP-FKJ7UGT","request_id":"oa9gyddbqghfu57w90dcce7h","msg":"GET: /"}
{"level":30,"time":1773778546745,"pid":26332,"hostname":"DESKTOP-FKJ7UGT","request_id":"yi3lbq78r29vng420pm8h1ry","msg":"GET: /"}
{"level":30,"time":1773778564969,"pid":26332,"hostname":"DESKTOP-FKJ7UGT","request_id":"s8v81nlwgzcfsegmpbxw1n6s","msg":"GET: /docs"}
{"level":30,"time":1773778565220,"pid":26332,"hostname":"DESKTOP-FKJ7UGT","request_id":"brj0kpbqemfb7wl15xgufqfg","msg":"GET: /swagger"}
{"level":30,"time":1773778603009,"pid":14304,"hostname":"DESKTOP-FKJ7UGT","msg":"started HTTP server on localhost:3000"}
{"level":30,"time":1773778651505,"pid":20832,"hostname":"DESKTOP-FKJ7UGT","msg":"started HTTP server on localhost:3000"}
{"level":30,"time":1773778665173,"pid":24008,"hostname":"DESKTOP-FKJ7UGT","msg":"started HTTP server on localhost:3000"}
{"level":30,"time":1773778738417,"pid":33608,"hostname":"DESKTOP-FKJ7UGT","msg":"started HTTP server on localhost:3000"}
{"level":30,"time":1773778745223,"pid":32600,"hostname":"DESKTOP-FKJ7UGT","msg":"started HTTP server on localhost:3000"}
{"level":30,"time":1773778747117,"pid":32600,"hostname":"DESKTOP-FKJ7UGT","request_id":"bmjk25bsebqgga56fing0az4","msg":"GET: /docs"}
{"level":30,"time":1773778747337,"pid":32600,"hostname":"DESKTOP-FKJ7UGT","request_id":"nxaw27thx7g3dtin7ouue8vk","msg":"GET: /swagger"}
{"level":30,"time":1773778823436,"pid":32600,"hostname":"DESKTOP-FKJ7UGT","request_id":"ay0owng0mag62rr4d6dsljq2","msg":"POST: /api/user/login"}
{"level":30,"time":1773778872580,"pid":2276,"hostname":"DESKTOP-FKJ7UGT","msg":"started HTTP server on localhost:3000"}
{"level":30,"time":1773778877139,"pid":16736,"hostname":"DESKTOP-FKJ7UGT","msg":"started HTTP server on localhost:3000"}
{"level":30,"time":1773778900943,"pid":19980,"hostname":"DESKTOP-FKJ7UGT","msg":"started HTTP server on localhost:3000"}
{"level":30,"time":1773778901157,"pid":19980,"hostname":"DESKTOP-FKJ7UGT","request_id":"fs2t3tgfshdd41hmsthn34f0","msg":"GET: /docs"}
{"level":30,"time":1773778901381,"pid":19980,"hostname":"DESKTOP-FKJ7UGT","request_id":"jx8tpfxnixdo9225va4wbqsb","msg":"GET: /swagger"}
{"level":30,"time":1773778966540,"pid":19980,"hostname":"DESKTOP-FKJ7UGT","request_id":"olnijfed2stlkr48osh2guuq","msg":"POST: /api/user/login"}
{"level":30,"time":1773778990504,"pid":19980,"hostname":"DESKTOP-FKJ7UGT","request_id":"wif90fmhqfy2xf4ui21zi3jf","msg":"POST: /api/user/login"}
{"level":30,"time":1773779152825,"pid":9704,"hostname":"DESKTOP-FKJ7UGT","msg":"started HTTP server on localhost:3000"}
{"level":30,"time":1773779162024,"pid":33788,"hostname":"DESKTOP-FKJ7UGT","msg":"started HTTP server on localhost:3000"}
{"level":30,"time":1773779173991,"pid":8164,"hostname":"DESKTOP-FKJ7UGT","msg":"started HTTP server on localhost:3000"}
{"level":30,"time":1773779177706,"pid":8164,"hostname":"DESKTOP-FKJ7UGT","request_id":"fly81uechub9k6yb97nhqqbl","msg":"GET: /docs"}
{"level":30,"time":1773779177872,"pid":8164,"hostname":"DESKTOP-FKJ7UGT","request_id":"vh0jlmgbx2l8tryrp3ri89ie","msg":"GET: /swagger"}
{"level":30,"time":1773779207429,"pid":8164,"hostname":"DESKTOP-FKJ7UGT","request_id":"jbzdeeboi0seq6bqplxfwg57","msg":"GET: /posts"}
{"level":30,"time":1773779219697,"pid":8164,"hostname":"DESKTOP-FKJ7UGT","request_id":"c1nytd4hggmvs4c1c1mjd4q1","msg":"GET: /posts"}
{"level":30,"time":1773779232735,"pid":8164,"hostname":"DESKTOP-FKJ7UGT","request_id":"vzjj92o6ghw20vb24dupqth7","msg":"POST: /posts"}
{"level":30,"time":1774287679924,"pid":14656,"hostname":"DESKTOP-FKJ7UGT","msg":"started HTTP server on localhost:3000"}
{"level":30,"time":1774287764658,"pid":14656,"hostname":"DESKTOP-FKJ7UGT","request_id":"ktihm4th7wy2hga2cdyqv4pc","msg":"GET: /"}
{"level":30,"time":1774287786330,"pid":14656,"hostname":"DESKTOP-FKJ7UGT","request_id":"um78i9xuui2imgm9ic7ju5p4","msg":"GET: /docs"}
{"level":30,"time":1774287786749,"pid":14656,"hostname":"DESKTOP-FKJ7UGT","request_id":"tl1chpj07ppyxx4rru9wk5n9","msg":"GET: /swagger"}
{"level":30,"time":1774289922684,"pid":16184,"hostname":"DESKTOP-FKJ7UGT","msg":"started HTTP server on localhost:3000"}
{"level":30,"time":1774289931019,"pid":14024,"hostname":"DESKTOP-FKJ7UGT","msg":"started HTTP server on localhost:3000"}
{"level":30,"time":1774289942190,"pid":21084,"hostname":"DESKTOP-FKJ7UGT","msg":"started HTTP server on localhost:3000"}
{"level":30,"time":1774289949402,"pid":5212,"hostname":"DESKTOP-FKJ7UGT","msg":"started HTTP server on localhost:3000"}
{"level":30,"time":1774289963052,"pid":4000,"hostname":"DESKTOP-FKJ7UGT","msg":"started HTTP server on localhost:3000"}
{"level":30,"time":1774289974766,"pid":13932,"hostname":"DESKTOP-FKJ7UGT","msg":"started HTTP server on localhost:3000"}
{"level":30,"time":1774289991410,"pid":21184,"hostname":"DESKTOP-FKJ7UGT","msg":"started HTTP server on localhost:3000"}
{"level":30,"time":1774290006192,"pid":12616,"hostname":"DESKTOP-FKJ7UGT","msg":"started HTTP server on localhost:3000"}
{"level":30,"time":1774290012962,"pid":6884,"hostname":"DESKTOP-FKJ7UGT","msg":"started HTTP server on localhost:3000"}
{"level":30,"time":1774290729117,"pid":20736,"hostname":"DESKTOP-FKJ7UGT","msg":"started HTTP server on localhost:3000"}
{"level":30,"time":1774290745690,"pid":6560,"hostname":"DESKTOP-FKJ7UGT","msg":"started HTTP server on localhost:3000"}
{"level":30,"time":1774290837616,"pid":11876,"hostname":"DESKTOP-FKJ7UGT","msg":"started HTTP server on localhost:3000"}
{"level":30,"time":1774290848545,"pid":20688,"hostname":"DESKTOP-FKJ7UGT","msg":"started HTTP server on localhost:3000"}
{"level":30,"time":1774290853457,"pid":18596,"hostname":"DESKTOP-FKJ7UGT","msg":"started HTTP server on localhost:3000"}
{"level":30,"time":1774290861160,"pid":21208,"hostname":"DESKTOP-FKJ7UGT","msg":"started HTTP server on localhost:3000"}
{"level":30,"time":1774290868102,"pid":1308,"hostname":"DESKTOP-FKJ7UGT","msg":"started HTTP server on localhost:3000"}
{"level":30,"time":1774290873785,"pid":9736,"hostname":"DESKTOP-FKJ7UGT","msg":"started HTTP server on localhost:3000"}
{"level":30,"time":1774290881223,"pid":312,"hostname":"DESKTOP-FKJ7UGT","msg":"started HTTP server on localhost:3000"}
{"level":30,"time":1774290893397,"pid":21092,"hostname":"DESKTOP-FKJ7UGT","msg":"started HTTP server on localhost:3000"}
{"level":30,"time":1774290898783,"pid":17920,"hostname":"DESKTOP-FKJ7UGT","msg":"started HTTP server on localhost:3000"}
{"level":30,"time":1774290938330,"pid":19912,"hostname":"DESKTOP-FKJ7UGT","msg":"started HTTP server on localhost:3000"}
{"level":30,"time":1774290959750,"pid":20840,"hostname":"DESKTOP-FKJ7UGT","msg":"started HTTP server on localhost:3000"}
{"level":30,"time":1774290969814,"pid":8024,"hostname":"DESKTOP-FKJ7UGT","msg":"started HTTP server on localhost:3000"}
{"level":30,"time":1774291055284,"pid":2956,"hostname":"DESKTOP-FKJ7UGT","msg":"started HTTP server on localhost:3000"}
{"level":30,"time":1774291076065,"pid":20584,"hostname":"DESKTOP-FKJ7UGT","msg":"started HTTP server on localhost:3000"}
{"level":30,"time":1774291089553,"pid":7400,"hostname":"DESKTOP-FKJ7UGT","msg":"started HTTP server on localhost:3000"}
{"level":30,"time":1774291100768,"pid":20824,"hostname":"DESKTOP-FKJ7UGT","msg":"started HTTP server on localhost:3000"}
{"level":30,"time":1774291121082,"pid":18596,"hostname":"DESKTOP-FKJ7UGT","msg":"started HTTP server on localhost:3000"}
{"level":30,"time":1774291142685,"pid":18712,"hostname":"DESKTOP-FKJ7UGT","msg":"started HTTP server on localhost:3000"}
{"level":30,"time":1774291148027,"pid":15936,"hostname":"DESKTOP-FKJ7UGT","msg":"started HTTP server on localhost:3000"}
{"level":30,"time":1774291170443,"pid":13116,"hostname":"DESKTOP-FKJ7UGT","msg":"started HTTP server on localhost:3000"}
{"level":30,"time":1774291176858,"pid":5012,"hostname":"DESKTOP-FKJ7UGT","msg":"started HTTP server on localhost:3000"}
{"level":30,"time":1774291184973,"pid":16476,"hostname":"DESKTOP-FKJ7UGT","msg":"started HTTP server on localhost:3000"}
{"level":30,"time":1774291237145,"pid":14472,"hostname":"DESKTOP-FKJ7UGT","msg":"started HTTP server on localhost:3000"}
{"level":30,"time":1774291277203,"pid":11984,"hostname":"DESKTOP-FKJ7UGT","msg":"started HTTP server on localhost:3000"}
{"level":30,"time":1774291313459,"pid":20876,"hostname":"DESKTOP-FKJ7UGT","msg":"started HTTP server on localhost:3000"}
{"level":30,"time":1774291319422,"pid":17936,"hostname":"DESKTOP-FKJ7UGT","msg":"started HTTP server on localhost:3000"}
{"level":30,"time":1774291329011,"pid":20432,"hostname":"DESKTOP-FKJ7UGT","msg":"started HTTP server on localhost:3000"}
{"level":30,"time":1774291340666,"pid":20952,"hostname":"DESKTOP-FKJ7UGT","msg":"started HTTP server on localhost:3000"}
{"level":30,"time":1774291351906,"pid":17060,"hostname":"DESKTOP-FKJ7UGT","msg":"started HTTP server on localhost:3000"}
{"level":30,"time":1774291354756,"pid":13688,"hostname":"DESKTOP-FKJ7UGT","msg":"started HTTP server on localhost:3000"}
{"level":30,"time":1774291502012,"pid":21116,"hostname":"DESKTOP-FKJ7UGT","msg":"started HTTP server on localhost:3000"}
{"level":30,"time":1774291516451,"pid":3332,"hostname":"DESKTOP-FKJ7UGT","msg":"started HTTP server on localhost:3000"}
{"level":30,"time":1774291548017,"pid":16508,"hostname":"DESKTOP-FKJ7UGT","msg":"started HTTP server on localhost:3000"}
{"level":30,"time":1774291560979,"pid":19612,"hostname":"DESKTOP-FKJ7UGT","msg":"started HTTP server on localhost:3000"}
{"level":30,"time":1774291603197,"pid":10668,"hostname":"DESKTOP-FKJ7UGT","msg":"started HTTP server on localhost:3000"}
{"level":30,"time":1774291628847,"pid":17528,"hostname":"DESKTOP-FKJ7UGT","msg":"started HTTP server on localhost:3000"}
{"level":30,"time":1774291634788,"pid":21052,"hostname":"DESKTOP-FKJ7UGT","msg":"started HTTP server on localhost:3000"}
{"level":30,"time":1774291641180,"pid":18140,"hostname":"DESKTOP-FKJ7UGT","msg":"started HTTP server on localhost:3000"}
{"level":30,"time":1774291652971,"pid":20728,"hostname":"DESKTOP-FKJ7UGT","msg":"started HTTP server on localhost:3000"}
{"level":30,"time":1774292014406,"pid":7504,"hostname":"DESKTOP-FKJ7UGT","msg":"started HTTP server on localhost:3000"}
{"level":30,"time":1774292020851,"pid":3108,"hostname":"DESKTOP-FKJ7UGT","msg":"started HTTP server on localhost:3000"}
{"level":30,"time":1774292059709,"pid":13448,"hostname":"DESKTOP-FKJ7UGT","msg":"started HTTP server on localhost:3000"}
{"level":30,"time":1774292067932,"pid":10012,"hostname":"DESKTOP-FKJ7UGT","msg":"started HTTP server on localhost:3000"}
{"level":30,"time":1774292072588,"pid":5232,"hostname":"DESKTOP-FKJ7UGT","msg":"started HTTP server on localhost:3000"}
{"level":30,"time":1774292134496,"pid":17896,"hostname":"DESKTOP-FKJ7UGT","msg":"started HTTP server on localhost:3000"}
{"level":30,"time":1774292153765,"pid":17816,"hostname":"DESKTOP-FKJ7UGT","msg":"started HTTP server on localhost:3000"}
{"level":30,"time":1774292177312,"pid":9768,"hostname":"DESKTOP-FKJ7UGT","msg":"started HTTP server on localhost:3000"}
{"level":30,"time":1774292181581,"pid":11256,"hostname":"DESKTOP-FKJ7UGT","msg":"started HTTP server on localhost:3000"}
{"level":30,"time":1774292185848,"pid":6688,"hostname":"DESKTOP-FKJ7UGT","msg":"started HTTP server on localhost:3000"}
{"level":30,"time":1774292191323,"pid":2476,"hostname":"DESKTOP-FKJ7UGT","msg":"started HTTP server on localhost:3000"}
{"level":30,"time":1774292195834,"pid":19796,"hostname":"DESKTOP-FKJ7UGT","msg":"started HTTP server on localhost:3000"}
{"level":30,"time":1774292210165,"pid":20136,"hostname":"DESKTOP-FKJ7UGT","msg":"started HTTP server on localhost:3000"}
{"level":30,"time":1774292220113,"pid":14620,"hostname":"DESKTOP-FKJ7UGT","msg":"started HTTP server on localhost:3000"}
{"level":30,"time":1774292224758,"pid":16588,"hostname":"DESKTOP-FKJ7UGT","msg":"started HTTP server on localhost:3000"}
{"level":30,"time":1774292232217,"pid":20556,"hostname":"DESKTOP-FKJ7UGT","msg":"started HTTP server on localhost:3000"}
{"level":30,"time":1774292241118,"pid":3520,"hostname":"DESKTOP-FKJ7UGT","msg":"started HTTP server on localhost:3000"}
{"level":30,"time":1774292256097,"pid":16440,"hostname":"DESKTOP-FKJ7UGT","msg":"started HTTP server on localhost:3000"}
{"level":30,"time":1774292285662,"pid":16720,"hostname":"DESKTOP-FKJ7UGT","msg":"started HTTP server on localhost:3000"}
{"level":30,"time":1774292297754,"pid":20440,"hostname":"DESKTOP-FKJ7UGT","msg":"started HTTP server on localhost:3000"}
{"level":30,"time":1774292385471,"pid":3460,"hostname":"DESKTOP-FKJ7UGT","msg":"started HTTP server on localhost:3000"}
{"level":30,"time":1774292421535,"pid":18596,"hostname":"DESKTOP-FKJ7UGT","msg":"started HTTP server on localhost:3000"}
{"level":30,"time":1774292579863,"pid":10140,"hostname":"DESKTOP-FKJ7UGT","msg":"started HTTP server on localhost:3000"}
{"level":30,"time":1774292661242,"pid":21168,"hostname":"DESKTOP-FKJ7UGT","msg":"started HTTP server on localhost:3000"}
{"level":30,"time":1774292692806,"pid":20876,"hostname":"DESKTOP-FKJ7UGT","msg":"started HTTP server on localhost:3000"}
{"level":30,"time":1774292698743,"pid":20952,"hostname":"DESKTOP-FKJ7UGT","msg":"started HTTP server on localhost:3000"}
{"level":30,"time":1774292734443,"pid":4452,"hostname":"DESKTOP-FKJ7UGT","msg":"started HTTP server on localhost:3000"}
{"level":30,"time":1774292739719,"pid":21104,"hostname":"DESKTOP-FKJ7UGT","msg":"started HTTP server on localhost:3000"}
{"level":30,"time":1774292744208,"pid":21168,"hostname":"DESKTOP-FKJ7UGT","msg":"started HTTP server on localhost:3000"}
{"level":30,"time":1774292747532,"pid":17168,"hostname":"DESKTOP-FKJ7UGT","msg":"started HTTP server on localhost:3000"}
{"level":30,"time":1774292753442,"pid":18488,"hostname":"DESKTOP-FKJ7UGT","msg":"started HTTP server on localhost:3000"}
{"level":30,"time":1774292770103,"pid":8560,"hostname":"DESKTOP-FKJ7UGT","msg":"started HTTP server on localhost:3000"}
{"level":30,"time":1774292783099,"pid":15348,"hostname":"DESKTOP-FKJ7UGT","msg":"started HTTP server on localhost:3000"}
{"level":30,"time":1774292799310,"pid":14452,"hostname":"DESKTOP-FKJ7UGT","msg":"started HTTP server on localhost:3000"}
{"level":30,"time":1774292836853,"pid":20668,"hostname":"DESKTOP-FKJ7UGT","msg":"started HTTP server on localhost:3000"}
{"level":30,"time":1774292844690,"pid":20548,"hostname":"DESKTOP-FKJ7UGT","msg":"started HTTP server on localhost:3000"}
{"level":30,"time":1774292868183,"pid":11828,"hostname":"DESKTOP-FKJ7UGT","msg":"started HTTP server on localhost:3000"}
{"level":30,"time":1774292903078,"pid":19228,"hostname":"DESKTOP-FKJ7UGT","msg":"started HTTP server on localhost:3000"}
{"level":30,"time":1774292928422,"pid":2268,"hostname":"DESKTOP-FKJ7UGT","msg":"started HTTP server on localhost:3000"}
{"level":30,"time":1774292948886,"pid":20788,"hostname":"DESKTOP-FKJ7UGT","msg":"started HTTP server on localhost:3000"}
{"level":30,"time":1774292954093,"pid":1416,"hostname":"DESKTOP-FKJ7UGT","msg":"started HTTP server on localhost:3000"}
{"level":30,"time":1774293005423,"pid":17928,"hostname":"DESKTOP-FKJ7UGT","msg":"started HTTP server on localhost:3000"}
{"level":30,"time":1774293033883,"pid":2296,"hostname":"DESKTOP-FKJ7UGT","msg":"started HTTP server on localhost:3000"}
{"level":30,"time":1774293241863,"pid":17744,"hostname":"DESKTOP-FKJ7UGT","msg":"started HTTP server on localhost:3000"}
{"level":30,"time":1774293250313,"pid":5520,"hostname":"DESKTOP-FKJ7UGT","msg":"started HTTP server on localhost:3000"}
{"level":30,"time":1774293255783,"pid":13336,"hostname":"DESKTOP-FKJ7UGT","msg":"started HTTP server on localhost:3000"}
{"level":30,"time":1774293278485,"pid":9116,"hostname":"DESKTOP-FKJ7UGT","msg":"started HTTP server on localhost:3000"}
{"level":30,"time":1774293415070,"pid":18060,"hostname":"DESKTOP-FKJ7UGT","msg":"started HTTP server on localhost:3000"}
{"level":30,"time":1774293478202,"pid":5424,"hostname":"DESKTOP-FKJ7UGT","msg":"started HTTP server on localhost:3000"}
{"level":30,"time":1774293484480,"pid":10380,"hostname":"DESKTOP-FKJ7UGT","msg":"started HTTP server on localhost:3000"}
{"level":30,"time":1774293489522,"pid":2600,"hostname":"DESKTOP-FKJ7UGT","msg":"started HTTP server on localhost:3000"}
{"level":30,"time":1774293500621,"pid":21292,"hostname":"DESKTOP-FKJ7UGT","msg":"started HTTP server on localhost:3000"}
{"level":30,"time":1774293521226,"pid":12128,"hostname":"DESKTOP-FKJ7UGT","msg":"started HTTP server on localhost:3000"}
{"level":30,"time":1774293544132,"pid":19056,"hostname":"DESKTOP-FKJ7UGT","msg":"started HTTP server on localhost:3000"}
{"level":30,"time":1774293555082,"pid":2876,"hostname":"DESKTOP-FKJ7UGT","msg":"started HTTP server on localhost:3000"}
{"level":30,"time":1774293562030,"pid":8596,"hostname":"DESKTOP-FKJ7UGT","msg":"started HTTP server on localhost:3000"}
{"level":30,"time":1774293570447,"pid":12488,"hostname":"DESKTOP-FKJ7UGT","msg":"started HTTP server on localhost:3000"}
{"level":30,"time":1774293583079,"pid":12868,"hostname":"DESKTOP-FKJ7UGT","msg":"started HTTP server on localhost:3000"}
{"level":30,"time":1774293590681,"pid":5864,"hostname":"DESKTOP-FKJ7UGT","msg":"started HTTP server on localhost:3000"}
{"level":30,"time":1774293618728,"pid":1484,"hostname":"DESKTOP-FKJ7UGT","msg":"started HTTP server on localhost:3000"}
{"level":30,"time":1774293658926,"pid":20540,"hostname":"DESKTOP-FKJ7UGT","msg":"started HTTP server on localhost:3000"}
{"level":30,"time":1774293666376,"pid":10104,"hostname":"DESKTOP-FKJ7UGT","msg":"started HTTP server on localhost:3000"}
{"level":30,"time":1774293682953,"pid":11660,"hostname":"DESKTOP-FKJ7UGT","msg":"started HTTP server on localhost:3000"}
{"level":30,"time":1774293691495,"pid":6284,"hostname":"DESKTOP-FKJ7UGT","msg":"started HTTP server on localhost:3000"}
{"level":30,"time":1774293706990,"pid":11484,"hostname":"DESKTOP-FKJ7UGT","msg":"started HTTP server on localhost:3000"}
{"level":30,"time":1774293726309,"pid":4860,"hostname":"DESKTOP-FKJ7UGT","msg":"started HTTP server on localhost:3000"}
{"level":30,"time":1774293756790,"pid":18692,"hostname":"DESKTOP-FKJ7UGT","msg":"started HTTP server on localhost:3000"}
{"level":30,"time":1774293765587,"pid":15924,"hostname":"DESKTOP-FKJ7UGT","msg":"started HTTP server on localhost:3000"}
{"level":30,"time":1774293781494,"pid":8180,"hostname":"DESKTOP-FKJ7UGT","msg":"started HTTP server on localhost:3000"}
{"level":30,"time":1774293793578,"pid":14208,"hostname":"DESKTOP-FKJ7UGT","msg":"started HTTP server on localhost:3000"}
{"level":30,"time":1774293827942,"pid":6124,"hostname":"DESKTOP-FKJ7UGT","msg":"started HTTP server on localhost:3000"}
{"level":30,"time":1774293842786,"pid":17884,"hostname":"DESKTOP-FKJ7UGT","msg":"started HTTP server on localhost:3000"}
{"level":30,"time":1774293850326,"pid":10228,"hostname":"DESKTOP-FKJ7UGT","msg":"started HTTP server on localhost:3000"}
{"level":30,"time":1774293866941,"pid":2664,"hostname":"DESKTOP-FKJ7UGT","msg":"started HTTP server on localhost:3000"}
{"level":30,"time":1774293874142,"pid":12604,"hostname":"DESKTOP-FKJ7UGT","msg":"started HTTP server on localhost:3000"}
{"level":30,"time":1774293881993,"pid":4452,"hostname":"DESKTOP-FKJ7UGT","msg":"started HTTP server on localhost:3000"}
{"level":30,"time":1774293890344,"pid":9628,"hostname":"DESKTOP-FKJ7UGT","msg":"started HTTP server on localhost:3000"}
{"level":30,"time":1774294073426,"pid":19128,"hostname":"DESKTOP-FKJ7UGT","msg":"started HTTP server on localhost:3000"}
{"level":30,"time":1774294202900,"pid":4536,"hostname":"DESKTOP-FKJ7UGT","msg":"started HTTP server on localhost:3000"}
{"level":30,"time":1774294255291,"pid":12788,"hostname":"DESKTOP-FKJ7UGT","msg":"started HTTP server on localhost:3000"}
{"level":30,"time":1774294345470,"pid":5564,"hostname":"DESKTOP-FKJ7UGT","msg":"started HTTP server on localhost:3000"}
{"level":30,"time":1774294397974,"pid":5564,"hostname":"DESKTOP-FKJ7UGT","request_id":"lznkgopit3mt6ga9nkljp2s3","msg":"GET: /docs"}
{"level":30,"time":1774294398311,"pid":5564,"hostname":"DESKTOP-FKJ7UGT","request_id":"rebfb2mq6tjysg7zbiredfop","msg":"GET: /swagger"}
{"level":30,"time":1774294453242,"pid":15312,"hostname":"DESKTOP-FKJ7UGT","msg":"started HTTP server on localhost:3000"}
{"level":30,"time":1774294470409,"pid":15312,"hostname":"DESKTOP-FKJ7UGT","request_id":"nnqnzces1ku1tok1ja6g9t80","msg":"GET: /docs"}
{"level":30,"time":1774294470525,"pid":15312,"hostname":"DESKTOP-FKJ7UGT","request_id":"hbw6i87q1r3upokpwm8ku34y","msg":"GET: /swagger"}
{"level":30,"time":1774294703183,"pid":11360,"hostname":"DESKTOP-FKJ7UGT","msg":"started HTTP server on localhost:3000"}
{"level":30,"time":1774294710079,"pid":11360,"hostname":"DESKTOP-FKJ7UGT","request_id":"fj9vwjn19as4t0oo35gd4twc","msg":"GET: /docs"}
{"level":30,"time":1774294710204,"pid":11360,"hostname":"DESKTOP-FKJ7UGT","request_id":"otzbkqf2prwuc7fdb4sgwtdc","msg":"GET: /swagger"}
{"level":30,"time":1774294767119,"pid":11652,"hostname":"DESKTOP-FKJ7UGT","msg":"started HTTP server on localhost:3000"}
{"level":30,"time":1774294774545,"pid":11376,"hostname":"DESKTOP-FKJ7UGT","msg":"started HTTP server on localhost:3000"}
{"level":30,"time":1774294778193,"pid":2268,"hostname":"DESKTOP-FKJ7UGT","msg":"started HTTP server on localhost:3000"}
{"level":30,"time":1774294787295,"pid":1376,"hostname":"DESKTOP-FKJ7UGT","msg":"started HTTP server on localhost:3000"}
{"level":30,"time":1774294807323,"pid":17600,"hostname":"DESKTOP-FKJ7UGT","msg":"started HTTP server on localhost:3000"}
{"level":30,"time":1774294815128,"pid":12840,"hostname":"DESKTOP-FKJ7UGT","msg":"started HTTP server on localhost:3000"}
{"level":30,"time":1774294818870,"pid":17552,"hostname":"DESKTOP-FKJ7UGT","msg":"started HTTP server on localhost:3000"}
{"level":30,"time":1774294837642,"pid":20212,"hostname":"DESKTOP-FKJ7UGT","msg":"started HTTP server on localhost:3000"}
{"level":30,"time":1774294861963,"pid":7076,"hostname":"DESKTOP-FKJ7UGT","msg":"started HTTP server on localhost:3000"}
{"level":30,"time":1774294899455,"pid":15856,"hostname":"DESKTOP-FKJ7UGT","msg":"started HTTP server on localhost:3000"}
{"level":30,"time":1774294909358,"pid":21280,"hostname":"DESKTOP-FKJ7UGT","msg":"started HTTP server on localhost:3000"}
{"level":30,"time":1774294920471,"pid":2352,"hostname":"DESKTOP-FKJ7UGT","msg":"started HTTP server on localhost:3000"}
{"level":30,"time":1774294926579,"pid":18340,"hostname":"DESKTOP-FKJ7UGT","msg":"started HTTP server on localhost:3000"}
{"level":30,"time":1774294939436,"pid":16116,"hostname":"DESKTOP-FKJ7UGT","msg":"started HTTP server on localhost:3000"}
{"level":30,"time":1774294946275,"pid":17116,"hostname":"DESKTOP-FKJ7UGT","msg":"started HTTP server on localhost:3000"}
{"level":30,"time":1774294951270,"pid":13624,"hostname":"DESKTOP-FKJ7UGT","msg":"started HTTP server on localhost:3000"}
{"level":30,"time":1774294964939,"pid":14268,"hostname":"DESKTOP-FKJ7UGT","msg":"started HTTP server on localhost:3000"}
{"level":30,"time":1774294973978,"pid":14568,"hostname":"DESKTOP-FKJ7UGT","msg":"started HTTP server on localhost:3000"}
{"level":30,"time":1774294982018,"pid":19344,"hostname":"DESKTOP-FKJ7UGT","msg":"started HTTP server on localhost:3000"}
{"level":30,"time":1774295004538,"pid":8080,"hostname":"DESKTOP-FKJ7UGT","msg":"started HTTP server on localhost:3000"}
{"level":30,"time":1774295011770,"pid":8144,"hostname":"DESKTOP-FKJ7UGT","msg":"started HTTP server on localhost:3000"}
{"level":30,"time":1774295066763,"pid":8144,"hostname":"DESKTOP-FKJ7UGT","request_id":"zkkrvilb6sule656t9m8cmf6","msg":"GET: /docs"}
{"level":30,"time":1774295066919,"pid":8144,"hostname":"DESKTOP-FKJ7UGT","request_id":"l55rdy0683h4f50qfeig915j","msg":"GET: /swagger"}
{"level":30,"time":1774295208714,"pid":1996,"hostname":"DESKTOP-FKJ7UGT","msg":"started HTTP server on localhost:3000"}
{"level":30,"time":1774295209309,"pid":1996,"hostname":"DESKTOP-FKJ7UGT","request_id":"uc9u4wetgr379hyl75qab8uj","msg":"GET: /docs"}
{"level":30,"time":1774295209417,"pid":1996,"hostname":"DESKTOP-FKJ7UGT","request_id":"waxkfwf69feya0e3vcz86pkj","msg":"GET: /swagger"}
{"level":30,"time":1774295256080,"pid":11436,"hostname":"DESKTOP-FKJ7UGT","msg":"started HTTP server on localhost:3000"}
{"level":30,"time":1774295279976,"pid":17560,"hostname":"DESKTOP-FKJ7UGT","msg":"started HTTP server on localhost:3000"}
{"level":30,"time":1774295326561,"pid":20844,"hostname":"DESKTOP-FKJ7UGT","msg":"started HTTP server on localhost:3000"}
{"level":30,"time":1774295335186,"pid":20844,"hostname":"DESKTOP-FKJ7UGT","request_id":"m9kedop1osvtvgjvk1zci2cv","msg":"GET: /docs"}
{"level":30,"time":1774295335302,"pid":20844,"hostname":"DESKTOP-FKJ7UGT","request_id":"atshookdodq60lrckf96o51v","msg":"GET: /swagger"}
{"level":30,"time":1774295866303,"pid":7536,"hostname":"DESKTOP-FKJ7UGT","msg":"started HTTP server on localhost:3000"}
{"level":30,"time":1774295892847,"pid":13868,"hostname":"DESKTOP-FKJ7UGT","msg":"started HTTP server on localhost:3000"}
{"level":30,"time":1774295906815,"pid":17380,"hostname":"DESKTOP-FKJ7UGT","msg":"started HTTP server on localhost:3000"}
{"level":30,"time":1774295921498,"pid":10476,"hostname":"DESKTOP-FKJ7UGT","msg":"started HTTP server on localhost:3000"}
{"level":30,"time":1774296204228,"pid":10476,"hostname":"DESKTOP-FKJ7UGT","request_id":"vwpk9mfjma5zwaf53vivfw16","msg":"GET: /docs"}
{"level":30,"time":1774296204339,"pid":10476,"hostname":"DESKTOP-FKJ7UGT","request_id":"j8750ompi180v91cik7xaccn","msg":"GET: /swagger"}
{"level":30,"time":1774296231611,"pid":19936,"hostname":"DESKTOP-FKJ7UGT","msg":"started HTTP server on localhost:3000"}
{"level":30,"time":1774296246079,"pid":19868,"hostname":"DESKTOP-FKJ7UGT","msg":"started HTTP server on localhost:3000"}
{"level":30,"time":1774296451242,"pid":4064,"hostname":"DESKTOP-FKJ7UGT","msg":"started HTTP server on localhost:3000"}
{"level":30,"time":1774377907412,"pid":17420,"hostname":"DESKTOP-FKJ7UGT","msg":"started HTTP server on localhost:3000"}
{"level":30,"time":1774377914199,"pid":17420,"hostname":"DESKTOP-FKJ7UGT","request_id":"irb51ngfh6r12opkwip6ysbh","msg":"GET: /"}
{"level":30,"time":1774377930735,"pid":17420,"hostname":"DESKTOP-FKJ7UGT","request_id":"ylqlxb6kk52qy36w2ytcl4lw","msg":"GET: /docs"}
{"level":30,"time":1774377932902,"pid":17420,"hostname":"DESKTOP-FKJ7UGT","request_id":"i4935r2kg5b0bwp5o5bwzo8t","msg":"GET: /swagger"}
{"level":30,"time":1774377969090,"pid":24360,"hostname":"DESKTOP-FKJ7UGT","msg":"started HTTP server on localhost:3000"}
{"level":30,"time":1774377969479,"pid":24360,"hostname":"DESKTOP-FKJ7UGT","request_id":"hqi3cuynt02fdshh5oyi61j2","msg":"GET: /docs"}
{"level":30,"time":1774377969633,"pid":24360,"hostname":"DESKTOP-FKJ7UGT","request_id":"svlw5ds5xbu2i56rk497txzo","msg":"GET: /swagger"}
{"level":30,"time":1774377991697,"pid":16672,"hostname":"DESKTOP-FKJ7UGT","msg":"started HTTP server on localhost:3000"}
{"level":30,"time":1774378006789,"pid":16668,"hostname":"DESKTOP-FKJ7UGT","msg":"started HTTP server on localhost:3000"}
{"level":30,"time":1774378013224,"pid":18052,"hostname":"DESKTOP-FKJ7UGT","msg":"started HTTP server on localhost:3000"}
{"level":30,"time":1774378013302,"pid":18052,"hostname":"DESKTOP-FKJ7UGT","request_id":"stapicwtj8vprlaqaitlxd9a","msg":"GET: /docs"}
{"level":30,"time":1774378013405,"pid":18052,"hostname":"DESKTOP-FKJ7UGT","request_id":"ciwkmbq0jfa3rg7gdnsccd2r","msg":"GET: /swagger"}
{"level":30,"time":1774378037470,"pid":12336,"hostname":"DESKTOP-FKJ7UGT","msg":"started HTTP server on localhost:3000"}
{"level":30,"time":1774378379555,"pid":19008,"hostname":"DESKTOP-FKJ7UGT","msg":"started HTTP server on localhost:3000"}
{"level":30,"time":1774378391553,"pid":19008,"hostname":"DESKTOP-FKJ7UGT","request_id":"w1jbumqj7c5u1escsaoce1ts","msg":"GET: /docs"}
{"level":30,"time":1774378391678,"pid":19008,"hostname":"DESKTOP-FKJ7UGT","request_id":"q73bw5r0fk540mhl48ah5g85","msg":"GET: /swagger"}
{"level":30,"time":1774378412739,"pid":25396,"hostname":"DESKTOP-FKJ7UGT","msg":"started HTTP server on localhost:3000"}
{"level":30,"time":1774378412969,"pid":25396,"hostname":"DESKTOP-FKJ7UGT","request_id":"uqtrprtj7jm1rne5n7ipbhpe","msg":"GET: /docs"}
{"level":30,"time":1774378413073,"pid":25396,"hostname":"DESKTOP-FKJ7UGT","request_id":"b7mgiot3hropb1q1ntxag131","msg":"GET: /swagger"}
{"level":30,"time":1774378445248,"pid":16200,"hostname":"DESKTOP-FKJ7UGT","msg":"started HTTP server on localhost:3000"}
{"level":30,"time":1774379043906,"pid":8068,"hostname":"DESKTOP-FKJ7UGT","msg":"started HTTP server on localhost:3000"}
{"level":30,"time":1774379070477,"pid":22160,"hostname":"DESKTOP-FKJ7UGT","msg":"started HTTP server on localhost:3000"}
{"level":30,"time":1774379070728,"pid":22160,"hostname":"DESKTOP-FKJ7UGT","request_id":"otgqc3vxy3u6asx16tgj2k1a","msg":"GET: /docs"}
{"level":30,"time":1774379070879,"pid":22160,"hostname":"DESKTOP-FKJ7UGT","request_id":"yjve6tgavuo7tmmspa5kpljt","msg":"GET: /swagger"}
{"level":30,"time":1774379795425,"pid":19068,"hostname":"DESKTOP-FKJ7UGT","msg":"started HTTP server on localhost:3000"}
{"level":30,"time":1774379802812,"pid":16784,"hostname":"DESKTOP-FKJ7UGT","msg":"started HTTP server on localhost:3000"}
{"level":30,"time":1774379807742,"pid":17388,"hostname":"DESKTOP-FKJ7UGT","msg":"started HTTP server on localhost:3000"}
{"level":30,"time":1774379814441,"pid":17388,"hostname":"DESKTOP-FKJ7UGT","request_id":"errk9o5endto0tl0apzvqzv2","msg":"GET: /docs"}
{"level":30,"time":1774379814610,"pid":17388,"hostname":"DESKTOP-FKJ7UGT","request_id":"ark20b19s8z09hmf6aw74d7y","msg":"GET: /swagger"}
{"level":30,"time":1774379982658,"pid":3048,"hostname":"DESKTOP-FKJ7UGT","msg":"started HTTP server on localhost:3000"}
{"level":30,"time":1774379996123,"pid":16672,"hostname":"DESKTOP-FKJ7UGT","msg":"started HTTP server on localhost:3000"}
{"level":30,"time":1774380001152,"pid":16672,"hostname":"DESKTOP-FKJ7UGT","request_id":"gfizfy4fr4k08g75nj4bu2vw","msg":"GET: /docs"}
{"level":30,"time":1774380001342,"pid":16672,"hostname":"DESKTOP-FKJ7UGT","request_id":"kjqka6dpdob5vp75fviw3ftw","msg":"GET: /swagger"}
{"level":30,"time":1774380150078,"pid":5956,"hostname":"DESKTOP-FKJ7UGT","msg":"started HTTP server on localhost:3000"}
{"level":30,"time":1774380174260,"pid":19496,"hostname":"DESKTOP-FKJ7UGT","msg":"started HTTP server on localhost:3000"}
{"level":30,"time":1774380185210,"pid":23376,"hostname":"DESKTOP-FKJ7UGT","msg":"started HTTP server on localhost:3000"}
{"level":30,"time":1774380200938,"pid":20728,"hostname":"DESKTOP-FKJ7UGT","msg":"started HTTP server on localhost:3000"}
{"level":30,"time":1774380203749,"pid":20728,"hostname":"DESKTOP-FKJ7UGT","request_id":"q9dju9h7jyh5vwf5v11dwd1k","msg":"GET: /docs"}
{"level":30,"time":1774380203914,"pid":20728,"hostname":"DESKTOP-FKJ7UGT","request_id":"sasrssl61yz5wgib2a83wi9b","msg":"GET: /swagger"}
{"level":30,"time":1774380463136,"pid":280,"hostname":"DESKTOP-FKJ7UGT","msg":"started HTTP server on localhost:3000"}
{"level":30,"time":1774380469756,"pid":18860,"hostname":"DESKTOP-FKJ7UGT","msg":"started HTTP server on localhost:3000"}
{"level":30,"time":1774380475194,"pid":17060,"hostname":"DESKTOP-FKJ7UGT","msg":"started HTTP server on localhost:3000"}
{"level":30,"time":1774380486869,"pid":24988,"hostname":"DESKTOP-FKJ7UGT","msg":"started HTTP server on localhost:3000"}
{"level":30,"time":1774380487659,"pid":24988,"hostname":"DESKTOP-FKJ7UGT","request_id":"wrrfhqzx6kypmlw34vq0iuhl","msg":"GET: /docs"}
{"level":30,"time":1774380487978,"pid":24988,"hostname":"DESKTOP-FKJ7UGT","request_id":"h2j9iu79sne0hxcx6kq5goi8","msg":"GET: /swagger"}
{"level":30,"time":1774380763400,"pid":24988,"hostname":"DESKTOP-FKJ7UGT","request_id":"cid3um2zmjd2qdfh72zgcoe0","msg":"POST: /api/auth/register"}
{"level":50,"time":1774380763439,"pid":24988,"hostname":"DESKTOP-FKJ7UGT","request_id":"cid3um2zmjd2qdfh72zgcoe0","err":{"type":"RuntimeException","message":"Cannot construct \"[class AuthController]\" class. Container is not able to resolve its dependencies. Did you forget to use @inject() decorator?","stack":"RuntimeException: Cannot construct \"[class AuthController]\" class. Container is not able to resolve its dependencies. Did you forget to use @inject() decorator?\n    at createError (file:///C:/Users/LOUIS%20KIND/code/learn-adonisjs/12-months-plan/node_modules/@adonisjs/fold/build/chunk-NNIB6TMY.js:294:79)\n    at #missingDependenciesException (file:///C:/Users/LOUIS%20KIND/code/learn-adonisjs/12-months-plan/node_modules/@adonisjs/fold/build/chunk-NNIB6TMY.js:236:12)\n    at ContainerResolver.resolveFor (file:///C:/Users/LOUIS%20KIND/code/learn-adonisjs/12-months-plan/node_modules/@adonisjs/fold/build/chunk-NNIB6TMY.js:365:49)","name":"RuntimeException","status":500,"code":"E_RUNTIME_EXCEPTION"},"x-request-id":"cid3um2zmjd2qdfh72zgcoe0","msg":"Cannot construct \"[class AuthController]\" class. Container is not able to resolve its dependencies. Did you forget to use @inject() decorator?"}
{"level":30,"time":1774380805087,"pid":408,"hostname":"DESKTOP-FKJ7UGT","msg":"started HTTP server on localhost:3000"}
{"level":30,"time":1774380831990,"pid":12640,"hostname":"DESKTOP-FKJ7UGT","msg":"started HTTP server on localhost:3000"}
{"level":30,"time":1774380841608,"pid":10664,"hostname":"DESKTOP-FKJ7UGT","msg":"started HTTP server on localhost:3000"}
{"level":30,"time":1774380850583,"pid":10664,"hostname":"DESKTOP-FKJ7UGT","request_id":"j7i2xr5qalk53p0wlcrq11ac","msg":"GET: /docs"}
{"level":30,"time":1774380850730,"pid":10664,"hostname":"DESKTOP-FKJ7UGT","request_id":"xuyj6ian9rtltzekbhll4xq2","msg":"GET: /swagger"}
{"level":30,"time":1774380881330,"pid":10664,"hostname":"DESKTOP-FKJ7UGT","request_id":"o3tm6bsmnnsa95p3ngubhq9u","msg":"POST: /api/auth/register"}
{"level":50,"time":1774380881380,"pid":10664,"hostname":"DESKTOP-FKJ7UGT","request_id":"o3tm6bsmnnsa95p3ngubhq9u","err":{"type":"RuntimeException","message":"Cannot inject \"[Function: Object]\" in \"[class AuthController]\"","stack":"Error\n    at inject (file:///C:/Users/LOUIS%20KIND/code/learn-adonisjs/12-months-plan/node_modules/@adonisjs/fold/build/chunk-NNIB6TMY.js:727:44)\n    at <anonymous> (C:\\Users\\LOUIS KIND\\code\\learn-adonisjs\\12-months-plan\\app\\controllers\\auth_controller.ts:99:1)\n    at ModuleJob.run (node:internal/modules/esm/module_job:234:25)\n    at async ModuleLoader.import (node:internal/modules/esm/loader:473:24)\n    at async importDefault (file:///C:/Users/LOUIS%20KIND/code/learn-adonisjs/12-months-plan/node_modules/@adonisjs/fold/node_modules/@poppinss/utils/build/index.js:57:24)\n    at async Object.handle (file:///C:/Users/LOUIS%20KIND/code/learn-adonisjs/12-months-plan/node_modules/@adonisjs/fold/build/chunk-NNIB6TMY.js:925:29)\n    at async MaintenanceMiddleware.handle (C:\\Users\\LOUIS KIND\\code\\learn-adonisjs\\12-months-plan\\app\\middleware\\maintenance_middleware.ts:13:20)\n    at async LogRequestMiddleware.handle (C:\\Users\\LOUIS KIND\\code\\learn-adonisjs\\12-months-plan\\app\\middleware\\log_request_middleware.ts:9:20)","name":"RuntimeException","status":500,"code":"E_RUNTIME_EXCEPTION","help":"The value is not a valid class"},"x-request-id":"o3tm6bsmnnsa95p3ngubhq9u","msg":"Cannot inject \"[Function: Object]\" in \"[class AuthController]\""}
{"level":30,"time":1774381124484,"pid":12608,"hostname":"DESKTOP-FKJ7UGT","msg":"started HTTP server on localhost:3000"}
{"level":30,"time":1774381163610,"pid":20784,"hostname":"DESKTOP-FKJ7UGT","msg":"started HTTP server on localhost:3000"}
{"level":30,"time":1774381171658,"pid":23360,"hostname":"DESKTOP-FKJ7UGT","msg":"started HTTP server on localhost:3000"}
{"level":30,"time":1774381179806,"pid":16544,"hostname":"DESKTOP-FKJ7UGT","msg":"started HTTP server on localhost:3000"}
{"level":30,"time":1774381203667,"pid":25556,"hostname":"DESKTOP-FKJ7UGT","msg":"started HTTP server on localhost:3000"}
{"level":30,"time":1774381451428,"pid":22984,"hostname":"DESKTOP-FKJ7UGT","msg":"started HTTP server on localhost:3000"}
{"level":30,"time":1774381540416,"pid":20552,"hostname":"DESKTOP-FKJ7UGT","msg":"started HTTP server on localhost:3000"}
{"level":30,"time":1774381561633,"pid":23992,"hostname":"DESKTOP-FKJ7UGT","msg":"started HTTP server on localhost:3000"}
{"level":30,"time":1774381589048,"pid":13140,"hostname":"DESKTOP-FKJ7UGT","msg":"started HTTP server on localhost:3000"}
{"level":30,"time":1774381596777,"pid":8892,"hostname":"DESKTOP-FKJ7UGT","msg":"started HTTP server on localhost:3000"}
{"level":30,"time":1774381608185,"pid":6056,"hostname":"DESKTOP-FKJ7UGT","msg":"started HTTP server on localhost:3000"}
{"level":30,"time":1774381624849,"pid":25388,"hostname":"DESKTOP-FKJ7UGT","msg":"started HTTP server on localhost:3000"}
{"level":30,"time":1774381679825,"pid":21696,"hostname":"DESKTOP-FKJ7UGT","msg":"started HTTP server on localhost:3000"}
{"level":30,"time":1774381717911,"pid":2288,"hostname":"DESKTOP-FKJ7UGT","msg":"started HTTP server on localhost:3000"}
{"level":30,"time":1774381731455,"pid":16812,"hostname":"DESKTOP-FKJ7UGT","msg":"started HTTP server on localhost:3000"}
{"level":30,"time":1774381745711,"pid":3620,"hostname":"DESKTOP-FKJ7UGT","msg":"started HTTP server on localhost:3000"}
{"level":30,"time":1774381984626,"pid":18184,"hostname":"DESKTOP-FKJ7UGT","msg":"started HTTP server on localhost:3000"}
{"level":30,"time":1774382145979,"pid":8160,"hostname":"DESKTOP-FKJ7UGT","msg":"started HTTP server on localhost:3000"}
{"level":30,"time":1774382166386,"pid":17316,"hostname":"DESKTOP-FKJ7UGT","msg":"started HTTP server on localhost:3000"}
{"level":30,"time":1774382360150,"pid":22632,"hostname":"DESKTOP-FKJ7UGT","msg":"started HTTP server on localhost:3000"}
{"level":30,"time":1774382392432,"pid":22632,"hostname":"DESKTOP-FKJ7UGT","request_id":"h3sy5fpw5gsk1qg95lc8xl40","msg":"GET: /docs"}
{"level":30,"time":1774382392607,"pid":22632,"hostname":"DESKTOP-FKJ7UGT","request_id":"qrthepdzuvtjd2fastr3iwq4","msg":"GET: /swagger"}
{"level":30,"time":1774382405796,"pid":22632,"hostname":"DESKTOP-FKJ7UGT","request_id":"ii89imab2mrdwd60jf5910gf","msg":"POST: /api/auth/register"}
{"level":30,"time":1774382442430,"pid":4236,"hostname":"DESKTOP-FKJ7UGT","msg":"started HTTP server on localhost:3000"}
{"level":30,"time":1774382457351,"pid":24700,"hostname":"DESKTOP-FKJ7UGT","msg":"started HTTP server on localhost:3000"}
{"level":30,"time":1774382488759,"pid":5500,"hostname":"DESKTOP-FKJ7UGT","msg":"started HTTP server on localhost:3000"}
{"level":30,"time":1774382497772,"pid":5500,"hostname":"DESKTOP-FKJ7UGT","request_id":"kg9geh3qfiyeo4kbip7izgyl","msg":"GET: /docs"}
{"level":30,"time":1774382497941,"pid":5500,"hostname":"DESKTOP-FKJ7UGT","request_id":"bbbki82ezoogl469yyhtcr9e","msg":"GET: /swagger"}
{"level":30,"time":1774382537299,"pid":5500,"hostname":"DESKTOP-FKJ7UGT","request_id":"ocncfezi1w4v97q9qz8l4k89","msg":"POST: /api/auth/login"}
{"level":30,"time":1774382553902,"pid":5500,"hostname":"DESKTOP-FKJ7UGT","request_id":"vxvz7ubhjyiy3sjjvx7e5czw","msg":"POST: /api/auth/login"}
{"level":30,"time":1774382571751,"pid":5500,"hostname":"DESKTOP-FKJ7UGT","request_id":"rqyiok36fk6c477zpi7yj504","msg":"POST: /api/auth/login"}
{"level":30,"time":1774382579644,"pid":5500,"hostname":"DESKTOP-FKJ7UGT","request_id":"e4jc7m2u535jkuod3c66ohyz","msg":"POST: /api/auth/login"}
{"level":30,"time":1774382638711,"pid":5500,"hostname":"DESKTOP-FKJ7UGT","request_id":"osi2n7jnbh55pkir42621pyg","msg":"POST: /api/auth/register"}
{"level":30,"time":1774382650289,"pid":5500,"hostname":"DESKTOP-FKJ7UGT","request_id":"lf0j7bleio65ia74h3i0f3sz","msg":"POST: /api/auth/register"}
{"level":30,"time":1774382660299,"pid":5500,"hostname":"DESKTOP-FKJ7UGT","request_id":"szzmd96q6lnr6hsmif64j80f","msg":"POST: /api/auth/register"}
{"level":30,"time":1774382678751,"pid":5500,"hostname":"DESKTOP-FKJ7UGT","request_id":"piuv94m2sh63u6bwtm1xk44r","msg":"POST: /api/auth/register"}
{"level":30,"time":1774382711848,"pid":5500,"hostname":"DESKTOP-FKJ7UGT","request_id":"zqqtacl7tbvrul2yftv1typd","msg":"GET: /docs"}
{"level":30,"time":1774382711990,"pid":5500,"hostname":"DESKTOP-FKJ7UGT","request_id":"zdvgf1ik7drpmut7zgsa2ux7","msg":"GET: /swagger"}
{"level":30,"time":1774382728985,"pid":5500,"hostname":"DESKTOP-FKJ7UGT","request_id":"xqyoyfk9kl9fkyvxprkvncoo","msg":"POST: /api/auth/login"}
{"level":30,"time":1774382754480,"pid":13668,"hostname":"DESKTOP-FKJ7UGT","msg":"started HTTP server on localhost:3000"}
{"level":30,"time":1774382917134,"pid":13668,"hostname":"DESKTOP-FKJ7UGT","request_id":"hnne85t9kb8r00n1se3cqzgx","msg":"POST: /api/auth/login"}
{"level":30,"time":1774383063351,"pid":13668,"hostname":"DESKTOP-FKJ7UGT","request_id":"bcio84yr0zikebh8rehvdsgw","msg":"POST: /api/auth/register"}
{"level":30,"time":1774383076398,"pid":13668,"hostname":"DESKTOP-FKJ7UGT","request_id":"ceie7m4g5cxyuc04s53k4orl","msg":"POST: /api/auth/login"}
{"level":30,"time":1774383098184,"pid":13668,"hostname":"DESKTOP-FKJ7UGT","request_id":"lhmt8wutpo3vokjpb3zgnd7t","msg":"POST: /api/auth/login"}
{"level":30,"time":1774383483057,"pid":17084,"hostname":"DESKTOP-FKJ7UGT","msg":"started HTTP server on localhost:3000"}
{"level":30,"time":1774383914747,"pid":2748,"hostname":"DESKTOP-FKJ7UGT","msg":"started HTTP server on localhost:3000"}
{"level":30,"time":1774383925887,"pid":17308,"hostname":"DESKTOP-FKJ7UGT","msg":"started HTTP server on localhost:3000"}
{"level":30,"time":1774383943823,"pid":12760,"hostname":"DESKTOP-FKJ7UGT","msg":"started HTTP server on localhost:3000"}
{"level":30,"time":1774383961257,"pid":18680,"hostname":"DESKTOP-FKJ7UGT","msg":"started HTTP server on localhost:3000"}
{"level":30,"time":1774383977765,"pid":6416,"hostname":"DESKTOP-FKJ7UGT","msg":"started HTTP server on localhost:3000"}
{"level":30,"time":1774384003167,"pid":6416,"hostname":"DESKTOP-FKJ7UGT","request_id":"ahf2l2mpflfh9lf0pnp0qeff","msg":"GET: /docs"}
{"level":30,"time":1774384003729,"pid":6416,"hostname":"DESKTOP-FKJ7UGT","request_id":"e0u3d74iyf2ibx6jceneroyq","msg":"GET: /swagger"}
{"level":30,"time":1774384029221,"pid":6416,"hostname":"DESKTOP-FKJ7UGT","request_id":"p7ti9ppi7h7n6ynq43rm62kn","msg":"POST: /api/auth/register"}
{"level":30,"time":1774384050623,"pid":6416,"hostname":"DESKTOP-FKJ7UGT","request_id":"hk8mejzk1z2odobq9zpiym5p","msg":"POST: /api/auth/login"}
{"level":30,"time":1774384079847,"pid":23048,"hostname":"DESKTOP-FKJ7UGT","msg":"started HTTP server on localhost:3000"}
{"level":30,"time":1774384080165,"pid":23048,"hostname":"DESKTOP-FKJ7UGT","request_id":"q719i1vk8qczx7g6x8inv1gz","msg":"POST: /api/auth/login"}
{"level":30,"time":1774384105035,"pid":23048,"hostname":"DESKTOP-FKJ7UGT","request_id":"yb5fnz64ovmp7sbu6a1z1h99","msg":"POST: /api/auth/register"}
{"level":30,"time":1774384114697,"pid":23048,"hostname":"DESKTOP-FKJ7UGT","request_id":"w7quuyvhihv9mg35af0uzvl2","msg":"POST: /api/auth/login"}
{"level":30,"time":1774384147439,"pid":2884,"hostname":"DESKTOP-FKJ7UGT","msg":"started HTTP server on localhost:3000"}
{"level":30,"time":1774384152032,"pid":21032,"hostname":"DESKTOP-FKJ7UGT","msg":"started HTTP server on localhost:3000"}
{"level":30,"time":1774384169592,"pid":21032,"hostname":"DESKTOP-FKJ7UGT","request_id":"hjovrsliawgjzccablp0yvaz","msg":"POST: /api/auth/register"}
{"level":30,"time":1774384179065,"pid":21032,"hostname":"DESKTOP-FKJ7UGT","request_id":"qsbbl3uddz1ob9zabrx9715x","msg":"POST: /api/auth/login"}
{"level":30,"time":1774384191026,"pid":7480,"hostname":"DESKTOP-FKJ7UGT","msg":"started HTTP server on localhost:3000"}
{"level":30,"time":1774384200249,"pid":6972,"hostname":"DESKTOP-FKJ7UGT","msg":"started HTTP server on localhost:3000"}
{"level":30,"time":1774384222450,"pid":6972,"hostname":"DESKTOP-FKJ7UGT","request_id":"awsy7fykn1o9krk386yj0y51","msg":"POST: /api/auth/register"}
{"level":30,"time":1774384232497,"pid":6972,"hostname":"DESKTOP-FKJ7UGT","request_id":"u1apgi6etv6xxlutict6lee5","msg":"POST: /api/auth/login"}
{"level":30,"time":1774384574819,"pid":10104,"hostname":"DESKTOP-FKJ7UGT","msg":"started HTTP server on localhost:3000"}
{"level":30,"time":1774384611065,"pid":6056,"hostname":"DESKTOP-FKJ7UGT","msg":"started HTTP server on localhost:3000"}
{"level":30,"time":1774384622876,"pid":6056,"hostname":"DESKTOP-FKJ7UGT","request_id":"rdmnzw1mt4kusx2z7l1h5w5c","msg":"POST: /api/auth/login"}
{"level":30,"time":1774384795485,"pid":11472,"hostname":"DESKTOP-FKJ7UGT","msg":"started HTTP server on localhost:3000"}
{"level":30,"time":1774384801866,"pid":11472,"hostname":"DESKTOP-FKJ7UGT","request_id":"hr9nfvnpf65xl3d0y6sqt2gs","msg":"POST: /api/auth/register"}
{"level":30,"time":1774384826175,"pid":11472,"hostname":"DESKTOP-FKJ7UGT","request_id":"myfpkba40w1al1sd1k1io04j","msg":"POST: /api/auth/login"}
{"level":30,"time":1774385043680,"pid":17632,"hostname":"DESKTOP-FKJ7UGT","msg":"started HTTP server on localhost:3000"}
{"level":30,"time":1774385051975,"pid":1612,"hostname":"DESKTOP-FKJ7UGT","msg":"started HTTP server on localhost:3000"}
{"level":30,"time":1774385061329,"pid":3228,"hostname":"DESKTOP-FKJ7UGT","msg":"started HTTP server on localhost:3000"}
{"level":30,"time":1774385065739,"pid":12756,"hostname":"DESKTOP-FKJ7UGT","msg":"started HTTP server on localhost:3000"}
{"level":30,"time":1774385148821,"pid":21968,"hostname":"DESKTOP-FKJ7UGT","msg":"started HTTP server on localhost:3000"}
{"level":30,"time":1774385159847,"pid":5796,"hostname":"DESKTOP-FKJ7UGT","msg":"started HTTP server on localhost:3000"}
{"level":30,"time":1774385164746,"pid":20796,"hostname":"DESKTOP-FKJ7UGT","msg":"started HTTP server on localhost:3000"}
{"level":30,"time":1774385182831,"pid":23412,"hostname":"DESKTOP-FKJ7UGT","msg":"started HTTP server on localhost:3000"}
{"level":30,"time":1774385203746,"pid":24716,"hostname":"DESKTOP-FKJ7UGT","msg":"started HTTP server on localhost:3000"}
{"level":30,"time":1774385216446,"pid":10380,"hostname":"DESKTOP-FKJ7UGT","msg":"started HTTP server on localhost:3000"}
{"level":30,"time":1774385222577,"pid":20528,"hostname":"DESKTOP-FKJ7UGT","msg":"started HTTP server on localhost:3000"}
{"level":30,"time":1774385231021,"pid":5028,"hostname":"DESKTOP-FKJ7UGT","msg":"started HTTP server on localhost:3000"}
{"level":30,"time":1774385253554,"pid":22948,"hostname":"DESKTOP-FKJ7UGT","msg":"started HTTP server on localhost:3000"}
{"level":30,"time":1774385262673,"pid":1716,"hostname":"DESKTOP-FKJ7UGT","msg":"started HTTP server on localhost:3000"}
{"level":30,"time":1774385271673,"pid":22036,"hostname":"DESKTOP-FKJ7UGT","msg":"started HTTP server on localhost:3000"}
{"level":30,"time":1774385305247,"pid":22036,"hostname":"DESKTOP-FKJ7UGT","request_id":"l6cjci4hcok0e6p5kdi23tcd","msg":"POST: /api/auth/register"}
{"level":30,"time":1774385348792,"pid":22036,"hostname":"DESKTOP-FKJ7UGT","request_id":"qehzqnkw0rkw4x6sbh1a0ts7","msg":"POST: /api/auth/login"}
{"level":30,"time":1774385425349,"pid":22036,"hostname":"DESKTOP-FKJ7UGT","request_id":"me4yvkab7famnr8nrrr1vodf","msg":"POST: /api/auth/login"}
{"level":30,"time":1774385539617,"pid":20528,"hostname":"DESKTOP-FKJ7UGT","msg":"started HTTP server on localhost:3000"}
{"level":30,"time":1774385548799,"pid":20060,"hostname":"DESKTOP-FKJ7UGT","msg":"started HTTP server on localhost:3000"}
{"level":30,"time":1774385557234,"pid":6900,"hostname":"DESKTOP-FKJ7UGT","msg":"started HTTP server on localhost:3000"}
{"level":30,"time":1774385569499,"pid":21576,"hostname":"DESKTOP-FKJ7UGT","msg":"started HTTP server on localhost:3000"}
{"level":30,"time":1774385590101,"pid":14348,"hostname":"DESKTOP-FKJ7UGT","msg":"started HTTP server on localhost:3000"}
{"level":30,"time":1774385604970,"pid":10244,"hostname":"DESKTOP-FKJ7UGT","msg":"started HTTP server on localhost:3000"}
{"level":30,"time":1774385609551,"pid":23660,"hostname":"DESKTOP-FKJ7UGT","msg":"started HTTP server on localhost:3000"}
{"level":30,"time":1774385644528,"pid":23156,"hostname":"DESKTOP-FKJ7UGT","msg":"started HTTP server on localhost:3000"}
{"level":30,"time":1774385687835,"pid":23156,"hostname":"DESKTOP-FKJ7UGT","request_id":"qlpjt3v2u334exe0yl8eqvit","msg":"GET: /docs"}
{"level":30,"time":1774385687983,"pid":23156,"hostname":"DESKTOP-FKJ7UGT","request_id":"kg7k70yvbnev84sm3swludfo","msg":"GET: /swagger"}
{"level":30,"time":1774385702340,"pid":23156,"hostname":"DESKTOP-FKJ7UGT","request_id":"tnpkpa48vefo4d26ymsnrafo","msg":"POST: /api/auth/register"}
{"level":30,"time":1774385725204,"pid":23156,"hostname":"DESKTOP-FKJ7UGT","request_id":"uto3vr67kyaym9gqys5ikvmx","msg":"POST: /api/auth/login"}
{"level":30,"time":1774385788270,"pid":15684,"hostname":"DESKTOP-FKJ7UGT","msg":"started HTTP server on localhost:3000"}
{"level":30,"time":1774385794856,"pid":9764,"hostname":"DESKTOP-FKJ7UGT","msg":"started HTTP server on localhost:3000"}
{"level":30,"time":1774385811042,"pid":9764,"hostname":"DESKTOP-FKJ7UGT","request_id":"zfsi57hv7g4189awj0l3lag2","msg":"GET: /docs"}
{"level":30,"time":1774385811192,"pid":9764,"hostname":"DESKTOP-FKJ7UGT","request_id":"m0sv12w9bqdyz0d5udop0yy4","msg":"GET: /swagger"}
{"level":30,"time":1774385831414,"pid":9764,"hostname":"DESKTOP-FKJ7UGT","request_id":"jtl8sle6awghqv0v4qg8hco4","msg":"POST: /api/auth/register"}
{"level":30,"time":1774385855301,"pid":9764,"hostname":"DESKTOP-FKJ7UGT","request_id":"jcrk2un1hiniwkj6qcl99muk","msg":"POST: /api/auth/login"}
{"level":30,"time":1774385949573,"pid":20696,"hostname":"DESKTOP-FKJ7UGT","msg":"started HTTP server on localhost:3000"}
{"level":30,"time":1774385964183,"pid":24316,"hostname":"DESKTOP-FKJ7UGT","msg":"started HTTP server on localhost:3000"}
{"level":30,"time":1774385981232,"pid":16316,"hostname":"DESKTOP-FKJ7UGT","msg":"started HTTP server on localhost:3000"}
{"level":30,"time":1774385983017,"pid":16316,"hostname":"DESKTOP-FKJ7UGT","request_id":"h4utyqc9o66hwynhyjncujci","msg":"GET: /docs"}
{"level":30,"time":1774385983154,"pid":16316,"hostname":"DESKTOP-FKJ7UGT","request_id":"hxxrrxcfdj3buxnchxggx3gy","msg":"GET: /swagger"}
{"level":30,"time":1774386008481,"pid":16316,"hostname":"DESKTOP-FKJ7UGT","request_id":"okiemzx9otbtgm9d6tuolh5n","msg":"POST: /api/auth/login"}
{"level":30,"time":1774386278200,"pid":4000,"hostname":"DESKTOP-FKJ7UGT","msg":"started HTTP server on localhost:3000"}
{"level":30,"time":1774386307835,"pid":5640,"hostname":"DESKTOP-FKJ7UGT","msg":"started HTTP server on localhost:3000"}
{"level":30,"time":1774386384917,"pid":5640,"hostname":"DESKTOP-FKJ7UGT","request_id":"o2kh4zq7orfcpnpf4ucteakl","msg":"POST: /api/auth/refresh"}
{"level":30,"time":1774386479632,"pid":6720,"hostname":"DESKTOP-FKJ7UGT","msg":"started HTTP server on localhost:3000"}
{"level":30,"time":1774386484235,"pid":20680,"hostname":"DESKTOP-FKJ7UGT","msg":"started HTTP server on localhost:3000"}
{"level":30,"time":1774386517282,"pid":20572,"hostname":"DESKTOP-FKJ7UGT","msg":"started HTTP server on localhost:3000"}
{"level":30,"time":1774386524308,"pid":16656,"hostname":"DESKTOP-FKJ7UGT","msg":"started HTTP server on localhost:3000"}
{"level":30,"time":1774386539039,"pid":21892,"hostname":"DESKTOP-FKJ7UGT","msg":"started HTTP server on localhost:3000"}
{"level":30,"time":1774386559200,"pid":18204,"hostname":"DESKTOP-FKJ7UGT","msg":"started HTTP server on localhost:3000"}
{"level":30,"time":1774386569439,"pid":24976,"hostname":"DESKTOP-FKJ7UGT","msg":"started HTTP server on localhost:3000"}
{"level":30,"time":1774386594720,"pid":23320,"hostname":"DESKTOP-FKJ7UGT","msg":"started HTTP server on localhost:3000"}
{"level":30,"time":1774386605453,"pid":6924,"hostname":"DESKTOP-FKJ7UGT","msg":"started HTTP server on localhost:3000"}
{"level":30,"time":1774386616023,"pid":22988,"hostname":"DESKTOP-FKJ7UGT","msg":"started HTTP server on localhost:3000"}
{"level":30,"time":1774386626877,"pid":22096,"hostname":"DESKTOP-FKJ7UGT","msg":"started HTTP server on localhost:3000"}
{"level":30,"time":1774386639855,"pid":22096,"hostname":"DESKTOP-FKJ7UGT","request_id":"hv2lihmowf2u4idbrx3t34vl","msg":"GET: /docs"}
{"level":30,"time":1774386640002,"pid":22096,"hostname":"DESKTOP-FKJ7UGT","request_id":"wdo1vqff1c40l0q6jq2f8y1v","msg":"GET: /swagger"}
{"level":30,"time":1774386654168,"pid":22096,"hostname":"DESKTOP-FKJ7UGT","request_id":"fcj4dgsyckn3hfgdxvr5rm3v","msg":"POST: /api/auth/refresh"}
{"level":30,"time":1774386689685,"pid":22864,"hostname":"DESKTOP-FKJ7UGT","msg":"started HTTP server on localhost:3000"}
{"level":30,"time":1774386720096,"pid":20584,"hostname":"DESKTOP-FKJ7UGT","msg":"started HTTP server on localhost:3000"}
{"level":30,"time":1774386730465,"pid":15552,"hostname":"DESKTOP-FKJ7UGT","msg":"started HTTP server on localhost:3000"}
{"level":30,"time":1774386736810,"pid":1980,"hostname":"DESKTOP-FKJ7UGT","msg":"started HTTP server on localhost:3000"}
{"level":30,"time":1774386746044,"pid":24312,"hostname":"DESKTOP-FKJ7UGT","msg":"started HTTP server on localhost:3000"}
{"level":30,"time":1774386752459,"pid":19324,"hostname":"DESKTOP-FKJ7UGT","msg":"started HTTP server on localhost:3000"}
{"level":30,"time":1774386780316,"pid":19184,"hostname":"DESKTOP-FKJ7UGT","msg":"started HTTP server on localhost:3000"}
{"level":30,"time":1774386800893,"pid":17160,"hostname":"DESKTOP-FKJ7UGT","msg":"started HTTP server on localhost:3000"}
{"level":30,"time":1774386814204,"pid":17160,"hostname":"DESKTOP-FKJ7UGT","request_id":"v13el0kyihzwqtqt0ce8oq47","msg":"POST: /api/auth/refresh"}
{"level":30,"time":1774386858474,"pid":17160,"hostname":"DESKTOP-FKJ7UGT","request_id":"t5p6jq1fb209c1tysno88hc1","msg":"POST: /api/auth/refresh"}
{"level":30,"time":1774386884938,"pid":17160,"hostname":"DESKTOP-FKJ7UGT","request_id":"wz55opul9w4fp827iczhrd9v","msg":"POST: /api/auth/refresh"}
{"level":30,"time":1774386928833,"pid":20156,"hostname":"DESKTOP-FKJ7UGT","msg":"started HTTP server on localhost:3000"}
{"level":30,"time":1774386943199,"pid":18212,"hostname":"DESKTOP-FKJ7UGT","msg":"started HTTP server on localhost:3000"}
